[2.395s] DEBUG:colcon:Command line arguments: ['/usr/bin/colcon', 'build', '--symlink-install']
[2.396s] DEBUG:colcon:Parsed command line arguments: Namespace(allow_overriding=[], ament_cmake_args=None, base_paths=['.'], build_base='build', catkin_cmake_args=None, catkin_skip_building_tests=False, cmake_args=None, cmake_clean_cache=False, cmake_clean_first=False, cmake_force_configure=False, cmake_target=None, cmake_target_skip_unavailable=False, continue_on_error=False, event_handlers=None, executor='parallel', ignore_user_meta=False, install_base='install', log_base=None, log_level=None, main=<bound method BuildVerb.main of <colcon_core.verb.build.BuildVerb object at 0x7f769f888c70>>, merge_install=False, metas=['./colcon.meta'], packages_above=None, packages_above_and_dependencies=None, packages_above_depth=None, packages_end=None, packages_ignore=None, packages_ignore_regex=None, packages_select=None, packages_select_build_failed=False, packages_select_by_dep=None, packages_select_regex=None, packages_select_test_failures=False, packages_skip=None, packages_skip_build_finished=False, packages_skip_by_dep=None, packages_skip_regex=None, packages_skip_test_passed=False, packages_skip_up_to=None, packages_start=None, packages_up_to=None, packages_up_to_regex=None, parallel_workers=12, paths=None, symlink_install=True, test_result_base=None, verb_extension=<colcon_core.verb.build.BuildVerb object at 0x7f769f888c70>, verb_name='build', verb_parser=<colcon_defaults.argument_parser.defaults.DefaultArgumentsDecorator object at 0x7f769f888760>)
[2.503s] Level 1:colcon.colcon_core.package_discovery:discover_packages(colcon_meta) check parameters
[2.503s] Level 1:colcon.colcon_core.package_discovery:discover_packages(recursive) check parameters
[2.503s] Level 1:colcon.colcon_core.package_discovery:discover_packages(ignore) check parameters
[2.503s] Level 1:colcon.colcon_core.package_discovery:discover_packages(path) check parameters
[2.503s] Level 1:colcon.colcon_core.package_discovery:discover_packages(colcon_meta) discover
[2.503s] Level 1:colcon.colcon_core.package_discovery:discover_packages(recursive) discover
[2.503s] INFO:colcon.colcon_core.package_discovery:Crawling recursively for packages in '/home/huucuong/mypendulumn'
[2.503s] Level 1:colcon.colcon_core.package_identification:_identify(.) by extensions ['ignore', 'ignore_ament_install']
[2.503s] Level 1:colcon.colcon_core.package_identification:_identify(.) by extension 'ignore'
[2.503s] Level 1:colcon.colcon_core.package_identification:_identify(.) by extension 'ignore_ament_install'
[2.503s] Level 1:colcon.colcon_core.package_identification:_identify(.) by extensions ['colcon_pkg']
[2.503s] Level 1:colcon.colcon_core.package_identification:_identify(.) by extension 'colcon_pkg'
[2.503s] Level 1:colcon.colcon_core.package_identification:_identify(.) by extensions ['colcon_meta']
[2.504s] Level 1:colcon.colcon_core.package_identification:_identify(.) by extension 'colcon_meta'
[2.504s] Level 1:colcon.colcon_core.package_identification:_identify(.) by extensions ['ros']
[2.504s] Level 1:colcon.colcon_core.package_identification:_identify(.) by extension 'ros'
[2.515s] Level 1:colcon.colcon_core.package_identification:_identify(.) by extensions ['cmake', 'python']
[2.515s] Level 1:colcon.colcon_core.package_identification:_identify(.) by extension 'cmake'
[2.515s] Level 1:colcon.colcon_core.package_identification:_identify(.) by extension 'python'
[2.515s] Level 1:colcon.colcon_core.package_identification:_identify(.) by extensions ['python_setup_py']
[2.515s] Level 1:colcon.colcon_core.package_identification:_identify(.) by extension 'python_setup_py'
[2.516s] Level 1:colcon.colcon_core.package_identification:_identify(build) by extensions ['ignore', 'ignore_ament_install']
[2.516s] Level 1:colcon.colcon_core.package_identification:_identify(build) by extension 'ignore'
[2.516s] Level 1:colcon.colcon_core.package_identification:_identify(build) ignored
[2.516s] Level 1:colcon.colcon_core.package_identification:_identify(install) by extensions ['ignore', 'ignore_ament_install']
[2.516s] Level 1:colcon.colcon_core.package_identification:_identify(install) by extension 'ignore'
[2.516s] Level 1:colcon.colcon_core.package_identification:_identify(install) ignored
[2.517s] Level 1:colcon.colcon_core.package_identification:_identify(log) by extensions ['ignore', 'ignore_ament_install']
[2.517s] Level 1:colcon.colcon_core.package_identification:_identify(log) by extension 'ignore'
[2.517s] Level 1:colcon.colcon_core.package_identification:_identify(log) ignored
[2.517s] Level 1:colcon.colcon_core.package_identification:_identify(src) by extensions ['ignore', 'ignore_ament_install']
[2.517s] Level 1:colcon.colcon_core.package_identification:_identify(src) by extension 'ignore'
[2.517s] Level 1:colcon.colcon_core.package_identification:_identify(src) by extension 'ignore_ament_install'
[2.517s] Level 1:colcon.colcon_core.package_identification:_identify(src) by extensions ['colcon_pkg']
[2.517s] Level 1:colcon.colcon_core.package_identification:_identify(src) by extension 'colcon_pkg'
[2.517s] Level 1:colcon.colcon_core.package_identification:_identify(src) by extensions ['colcon_meta']
[2.518s] Level 1:colcon.colcon_core.package_identification:_identify(src) by extension 'colcon_meta'
[2.518s] Level 1:colcon.colcon_core.package_identification:_identify(src) by extensions ['ros']
[2.518s] Level 1:colcon.colcon_core.package_identification:_identify(src) by extension 'ros'
[2.518s] Level 1:colcon.colcon_core.package_identification:_identify(src) by extensions ['cmake', 'python']
[2.518s] Level 1:colcon.colcon_core.package_identification:_identify(src) by extension 'cmake'
[2.518s] Level 1:colcon.colcon_core.package_identification:_identify(src) by extension 'python'
[2.518s] Level 1:colcon.colcon_core.package_identification:_identify(src) by extensions ['python_setup_py']
[2.518s] Level 1:colcon.colcon_core.package_identification:_identify(src) by extension 'python_setup_py'
[2.518s] Level 1:colcon.colcon_core.package_identification:_identify(src/inverted_pendulum) by extensions ['ignore', 'ignore_ament_install']
[2.518s] Level 1:colcon.colcon_core.package_identification:_identify(src/inverted_pendulum) by extension 'ignore'
[2.519s] Level 1:colcon.colcon_core.package_identification:_identify(src/inverted_pendulum) by extension 'ignore_ament_install'
[2.519s] Level 1:colcon.colcon_core.package_identification:_identify(src/inverted_pendulum) by extensions ['colcon_pkg']
[2.519s] Level 1:colcon.colcon_core.package_identification:_identify(src/inverted_pendulum) by extension 'colcon_pkg'
[2.519s] Level 1:colcon.colcon_core.package_identification:_identify(src/inverted_pendulum) by extensions ['colcon_meta']
[2.519s] Level 1:colcon.colcon_core.package_identification:_identify(src/inverted_pendulum) by extension 'colcon_meta'
[2.519s] Level 1:colcon.colcon_core.package_identification:_identify(src/inverted_pendulum) by extensions ['ros']
[2.519s] Level 1:colcon.colcon_core.package_identification:_identify(src/inverted_pendulum) by extension 'ros'
[2.521s] DEBUG:colcon.colcon_core.package_identification:Package 'src/inverted_pendulum' with type 'ros.ament_cmake' and name 'inverted_pendulum'
[2.521s] Level 1:colcon.colcon_core.package_discovery:discover_packages(recursive) using defaults
[2.521s] Level 1:colcon.colcon_core.package_discovery:discover_packages(ignore) discover
[2.521s] Level 1:colcon.colcon_core.package_discovery:discover_packages(ignore) using defaults
[2.521s] Level 1:colcon.colcon_core.package_discovery:discover_packages(path) discover
[2.521s] Level 1:colcon.colcon_core.package_discovery:discover_packages(path) using defaults
[2.743s] Level 1:colcon.colcon_core.package_discovery:discover_packages(prefix_path) check parameters
[2.743s] Level 1:colcon.colcon_core.package_discovery:discover_packages(prefix_path) discover
[2.837s] DEBUG:colcon.colcon_installed_package_information.package_discovery:Found 1 installed packages in /home/huucuong/mypendulumn/install
[2.879s] DEBUG:colcon.colcon_installed_package_information.package_discovery:Found 324 installed packages in /opt/ros/foxy
[2.881s] Level 1:colcon.colcon_core.package_discovery:discover_packages(prefix_path) using defaults
[3.029s] Level 5:colcon.colcon_core.verb:set package 'inverted_pendulum' build argument 'cmake_args' from command line to 'None'
[3.029s] Level 5:colcon.colcon_core.verb:set package 'inverted_pendulum' build argument 'cmake_target' from command line to 'None'
[3.029s] Level 5:colcon.colcon_core.verb:set package 'inverted_pendulum' build argument 'cmake_target_skip_unavailable' from command line to 'False'
[3.029s] Level 5:colcon.colcon_core.verb:set package 'inverted_pendulum' build argument 'cmake_clean_cache' from command line to 'False'
[3.029s] Level 5:colcon.colcon_core.verb:set package 'inverted_pendulum' build argument 'cmake_clean_first' from command line to 'False'
[3.029s] Level 5:colcon.colcon_core.verb:set package 'inverted_pendulum' build argument 'cmake_force_configure' from command line to 'False'
[3.029s] Level 5:colcon.colcon_core.verb:set package 'inverted_pendulum' build argument 'ament_cmake_args' from command line to 'None'
[3.029s] Level 5:colcon.colcon_core.verb:set package 'inverted_pendulum' build argument 'catkin_cmake_args' from command line to 'None'
[3.029s] Level 5:colcon.colcon_core.verb:set package 'inverted_pendulum' build argument 'catkin_skip_building_tests' from command line to 'False'
[3.029s] DEBUG:colcon.colcon_core.verb:Building package 'inverted_pendulum' with the following arguments: {'ament_cmake_args': None, 'build_base': '/home/huucuong/mypendulumn/build/inverted_pendulum', 'catkin_cmake_args': None, 'catkin_skip_building_tests': False, 'cmake_args': None, 'cmake_clean_cache': False, 'cmake_clean_first': False, 'cmake_force_configure': False, 'cmake_target': None, 'cmake_target_skip_unavailable': False, 'install_base': '/home/huucuong/mypendulumn/install/inverted_pendulum', 'merge_install': False, 'path': '/home/huucuong/mypendulumn/src/inverted_pendulum', 'symlink_install': True, 'test_result_base': None}
[3.072s] INFO:colcon.colcon_core.executor:Executing jobs using 'parallel' executor
[3.114s] DEBUG:colcon.colcon_parallel_executor.executor.parallel:run_until_complete
[3.114s] INFO:colcon.colcon_ros.task.ament_cmake.build:Building ROS package in '/home/huucuong/mypendulumn/src/inverted_pendulum' with build type 'ament_cmake'
[3.114s] INFO:colcon.colcon_cmake.task.cmake.build:Building CMake package in '/home/huucuong/mypendulumn/src/inverted_pendulum'
[3.156s] INFO:colcon.colcon_core.plugin_system:Skipping extension 'colcon_core.shell.bat': Not used on non-Windows systems
[3.156s] INFO:colcon.colcon_core.shell:Skip shell extension 'powershell' for command environment: Not usable outside of PowerShell
[3.156s] DEBUG:colcon.colcon_core.shell:Skip shell extension 'dsv' for command environment
[3.306s] DEBUG:colcon.colcon_core.event_handler.log_command:Invoking command in '/home/huucuong/mypendulumn/build/inverted_pendulum': CMAKE_PREFIX_PATH=${CMAKE_PREFIX_PATH}:/opt/ros/foxy /usr/bin/cmake --build /home/huucuong/mypendulumn/build/inverted_pendulum -- -j12 -l12
[8.918s] DEBUG:colcon.colcon_core.event_handler.log_command:Invoked command in '/home/huucuong/mypendulumn/build/inverted_pendulum' returned '0': CMAKE_PREFIX_PATH=${CMAKE_PREFIX_PATH}:/opt/ros/foxy /usr/bin/cmake --build /home/huucuong/mypendulumn/build/inverted_pendulum -- -j12 -l12
[8.977s] DEBUG:colcon.colcon_core.event_handler.log_command:Invoking command in '/home/huucuong/mypendulumn/build/inverted_pendulum': CMAKE_PREFIX_PATH=${CMAKE_PREFIX_PATH}:/opt/ros/foxy /usr/bin/cmake --install /home/huucuong/mypendulumn/build/inverted_pendulum
[9.054s] Level 1:colcon.colcon_core.environment:create_environment_scripts_only(inverted_pendulum)
[9.055s] DEBUG:colcon.colcon_core.event_handler.log_command:Invoked command in '/home/huucuong/mypendulumn/build/inverted_pendulum' returned '0': CMAKE_PREFIX_PATH=${CMAKE_PREFIX_PATH}:/opt/ros/foxy /usr/bin/cmake --install /home/huucuong/mypendulumn/build/inverted_pendulum
[9.107s] Level 1:colcon.colcon_core.environment:checking '/home/huucuong/mypendulumn/install/inverted_pendulum' for CMake module files
[9.108s] Level 1:colcon.colcon_core.environment:checking '/home/huucuong/mypendulumn/install/inverted_pendulum' for CMake config files
[9.108s] Level 1:colcon.colcon_core.shell:create_environment_hook('inverted_pendulum', 'cmake_prefix_path')
[9.149s] INFO:colcon.colcon_core.shell:Creating environment hook '/home/huucuong/mypendulumn/install/inverted_pendulum/share/inverted_pendulum/hook/cmake_prefix_path.ps1'
[9.149s] INFO:colcon.colcon_core.shell:Creating environment descriptor '/home/huucuong/mypendulumn/install/inverted_pendulum/share/inverted_pendulum/hook/cmake_prefix_path.dsv'
[9.150s] INFO:colcon.colcon_core.shell:Creating environment hook '/home/huucuong/mypendulumn/install/inverted_pendulum/share/inverted_pendulum/hook/cmake_prefix_path.sh'
[9.151s] Level 1:colcon.colcon_core.environment:checking '/home/huucuong/mypendulumn/install/inverted_pendulum/lib'
[9.151s] Level 1:colcon.colcon_core.environment:checking '/home/huucuong/mypendulumn/install/inverted_pendulum/bin'
[9.151s] Level 1:colcon.colcon_core.environment:checking '/home/huucuong/mypendulumn/install/inverted_pendulum/lib/pkgconfig/inverted_pendulum.pc'
[9.151s] Level 1:colcon.colcon_core.environment:checking '/home/huucuong/mypendulumn/install/inverted_pendulum/lib/python3.8/site-packages'
[9.152s] Level 1:colcon.colcon_core.environment:checking '/home/huucuong/mypendulumn/install/inverted_pendulum/bin'
[9.194s] INFO:colcon.colcon_core.shell:Creating package script '/home/huucuong/mypendulumn/install/inverted_pendulum/share/inverted_pendulum/package.ps1'
[9.194s] INFO:colcon.colcon_core.shell:Creating package descriptor '/home/huucuong/mypendulumn/install/inverted_pendulum/share/inverted_pendulum/package.dsv'
[9.195s] INFO:colcon.colcon_core.shell:Creating package script '/home/huucuong/mypendulumn/install/inverted_pendulum/share/inverted_pendulum/package.sh'
[9.195s] INFO:colcon.colcon_core.shell:Creating package script '/home/huucuong/mypendulumn/install/inverted_pendulum/share/inverted_pendulum/package.bash'
[9.196s] INFO:colcon.colcon_core.shell:Creating package script '/home/huucuong/mypendulumn/install/inverted_pendulum/share/inverted_pendulum/package.zsh'
[9.197s] Level 1:colcon.colcon_core.environment:create_file_with_runtime_dependencies(/home/huucuong/mypendulumn/install/inverted_pendulum/share/colcon-core/packages/inverted_pendulum)
[9.275s] Level 1:colcon.colcon_core.environment:create_environment_scripts_only(inverted_pendulum)
[9.317s] Level 1:colcon.colcon_core.environment:checking '/home/huucuong/mypendulumn/install/inverted_pendulum' for CMake module files
[9.318s] Level 1:colcon.colcon_core.environment:checking '/home/huucuong/mypendulumn/install/inverted_pendulum' for CMake config files
[9.318s] Level 1:colcon.colcon_core.shell:create_environment_hook('inverted_pendulum', 'cmake_prefix_path')
[9.360s] INFO:colcon.colcon_core.shell:Creating environment hook '/home/huucuong/mypendulumn/install/inverted_pendulum/share/inverted_pendulum/hook/cmake_prefix_path.ps1'
[9.361s] INFO:colcon.colcon_core.shell:Creating environment descriptor '/home/huucuong/mypendulumn/install/inverted_pendulum/share/inverted_pendulum/hook/cmake_prefix_path.dsv'
[9.361s] INFO:colcon.colcon_core.shell:Creating environment hook '/home/huucuong/mypendulumn/install/inverted_pendulum/share/inverted_pendulum/hook/cmake_prefix_path.sh'
[9.362s] Level 1:colcon.colcon_core.environment:checking '/home/huucuong/mypendulumn/install/inverted_pendulum/lib'
[9.362s] Level 1:colcon.colcon_core.environment:checking '/home/huucuong/mypendulumn/install/inverted_pendulum/bin'
[9.362s] Level 1:colcon.colcon_core.environment:checking '/home/huucuong/mypendulumn/install/inverted_pendulum/lib/pkgconfig/inverted_pendulum.pc'
[9.362s] Level 1:colcon.colcon_core.environment:checking '/home/huucuong/mypendulumn/install/inverted_pendulum/lib/python3.8/site-packages'
[9.362s] Level 1:colcon.colcon_core.environment:checking '/home/huucuong/mypendulumn/install/inverted_pendulum/bin'
[9.403s] INFO:colcon.colcon_core.shell:Creating package script '/home/huucuong/mypendulumn/install/inverted_pendulum/share/inverted_pendulum/package.ps1'
[9.404s] INFO:colcon.colcon_core.shell:Creating package descriptor '/home/huucuong/mypendulumn/install/inverted_pendulum/share/inverted_pendulum/package.dsv'
[9.404s] INFO:colcon.colcon_core.shell:Creating package script '/home/huucuong/mypendulumn/install/inverted_pendulum/share/inverted_pendulum/package.sh'
[9.404s] INFO:colcon.colcon_core.shell:Creating package script '/home/huucuong/mypendulumn/install/inverted_pendulum/share/inverted_pendulum/package.bash'
[9.405s] INFO:colcon.colcon_core.shell:Creating package script '/home/huucuong/mypendulumn/install/inverted_pendulum/share/inverted_pendulum/package.zsh'
[9.405s] Level 1:colcon.colcon_core.environment:create_file_with_runtime_dependencies(/home/huucuong/mypendulumn/install/inverted_pendulum/share/colcon-core/packages/inverted_pendulum)
[9.405s] DEBUG:colcon.colcon_parallel_executor.executor.parallel:closing loop
[9.406s] DEBUG:colcon.colcon_parallel_executor.executor.parallel:loop closed
[9.406s] DEBUG:colcon.colcon_parallel_executor.executor.parallel:run_until_complete finished with '0'
[9.406s] DEBUG:colcon.colcon_core.event_reactor:joining thread
[9.461s] INFO:colcon.colcon_core.plugin_system:Skipping extension 'colcon_notification.desktop_notification.terminal_notifier': Not used on non-Darwin systems
[9.462s] INFO:colcon.colcon_core.plugin_system:Skipping extension 'colcon_notification.desktop_notification.win32': Not used on non-Windows systems
[9.462s] INFO:colcon.colcon_notification.desktop_notification:Sending desktop notification using 'notify2'
[9.488s] DEBUG:colcon.colcon_core.event_reactor:joined thread
[9.537s] INFO:colcon.colcon_core.shell:Creating prefix script '/home/huucuong/mypendulumn/install/local_setup.ps1'
[9.538s] INFO:colcon.colcon_core.shell:Creating prefix util module '/home/huucuong/mypendulumn/install/_local_setup_util_ps1.py'
[9.540s] INFO:colcon.colcon_core.shell:Creating prefix chain script '/home/huucuong/mypendulumn/install/setup.ps1'
[9.588s] INFO:colcon.colcon_core.shell:Creating prefix script '/home/huucuong/mypendulumn/install/local_setup.sh'
[9.589s] INFO:colcon.colcon_core.shell:Creating prefix util module '/home/huucuong/mypendulumn/install/_local_setup_util_sh.py'
[9.589s] INFO:colcon.colcon_core.shell:Creating prefix chain script '/home/huucuong/mypendulumn/install/setup.sh'
[9.632s] INFO:colcon.colcon_core.shell:Creating prefix script '/home/huucuong/mypendulumn/install/local_setup.bash'
[9.632s] INFO:colcon.colcon_core.shell:Creating prefix chain script '/home/huucuong/mypendulumn/install/setup.bash'
[9.675s] INFO:colcon.colcon_core.shell:Creating prefix script '/home/huucuong/mypendulumn/install/local_setup.zsh'
[9.676s] INFO:colcon.colcon_core.shell:Creating prefix chain script '/home/huucuong/mypendulumn/install/setup.zsh'
