[01m[K/home/huucuong/mypendulumn/src/inverted_pendulum/src/control.cpp:44:37:[m[K [01;31m[Kerror: [m[K‘[01m[Ksensor_msgs[m[K’ does not name a type
   44 |     void joint_state_callback(const [01;31m[Ksensor_msgs[m[K::msg::JointState::SharedPtr msg)
      |                                     [01;31m[K^~~~~~~~~~~[m[K
[01m[K/home/huucuong/mypendulumn/src/inverted_pendulum/src/control.cpp:44:53:[m[K [01;31m[Kerror: [m[Kexpected unqualified-id before ‘[01m[K::[m[K’ token
   44 |     void joint_state_callback(const sensor_msgs::msg[01;31m[K::[m[KJointState::SharedPtr msg)
      |                                                     [01;31m[K^~[m[K
[01m[K/home/huucuong/mypendulumn/src/inverted_pendulum/src/control.cpp:44:53:[m[K [01;31m[Kerror: [m[Kexpected ‘[01m[K)[m[K’ before ‘[01m[K::[m[K’ token
   44 |     void joint_state_callback[34m[K([m[Kconst sensor_msgs::msg[01;31m[K:[m[K[32m[K:[m[KJointState::SharedPtr msg)
      |                              [34m[K~[m[K                      [01;31m[K^[m[K[32m[K~[m[K
      |                                                     [32m[K)[m[K
[01m[K/home/huucuong/mypendulumn/src/inverted_pendulum/src/control.cpp:44:50:[m[K [01;31m[Kerror: [m[Kexpected ‘[01m[K;[m[K’ at end of member declaration
   44 |     void joint_state_callback(const sensor_msgs::[01;31m[Kmsg[m[K::JointState::SharedPtr msg)
      |                                                  [01;31m[K^~~[m[K
      |                                                     [32m[K;[m[K
[01m[K/home/huucuong/mypendulumn/src/inverted_pendulum/src/control.cpp:44:55:[m[K [01;31m[Kerror: [m[K‘[01m[KJointState[m[K’ in namespace ‘[01m[K::[m[K’ does not name a type
   44 |     void joint_state_callback(const sensor_msgs::msg::[01;31m[KJointState[m[K::SharedPtr msg)
      |                                                       [01;31m[K^~~~~~~~~~[m[K
[01m[K/home/huucuong/mypendulumn/src/inverted_pendulum/src/control.cpp:51:26:[m[K [01;31m[Kerror: [m[K‘[01m[Ksensor_msgs[m[K’ was not declared in this scope
   51 |     rclcpp::Subscription<[01;31m[Ksensor_msgs[m[K::msg::JointState>::SharedPtr subscriber_;
      |                          [01;31m[K^~~~~~~~~~~[m[K
[01m[K/home/huucuong/mypendulumn/src/inverted_pendulum/src/control.cpp:51:54:[m[K [01;31m[Kerror: [m[Ktemplate argument 1 is invalid
   51 |     rclcpp::Subscription<sensor_msgs::msg::JointState[01;31m[K>[m[K::SharedPtr subscriber_;
      |                                                      [01;31m[K^[m[K
[01m[K/home/huucuong/mypendulumn/src/inverted_pendulum/src/control.cpp:51:54:[m[K [01;31m[Kerror: [m[Ktemplate argument 3 is invalid
[01m[K/home/huucuong/mypendulumn/src/inverted_pendulum/src/control.cpp:51:57:[m[K [01;31m[Kerror: [m[Kexpected ‘[01m[K;[m[K’ at end of member declaration
   51 |     rclcpp::Subscription<sensor_msgs::msg::JointState>::[01;31m[KSharedPtr[m[K subscriber_;
      |                                                         [01;31m[K^~~~~~~~~[m[K
      |                                                                  [32m[K;[m[K
[01m[K/home/huucuong/mypendulumn/src/inverted_pendulum/src/control.cpp:51:67:[m[K [01;31m[Kerror: [m[K‘[01m[Ksubscriber_[m[K’ does not name a type
   51 |     rclcpp::Subscription<sensor_msgs::msg::JointState>::SharedPtr [01;31m[Ksubscriber_[m[K;
      |                                                                   [01;31m[K^~~~~~~~~~~[m[K
[01m[K/home/huucuong/mypendulumn/src/inverted_pendulum/src/control.cpp:52:5:[m[K [01;31m[Kerror: [m[K‘[01m[Ksensor_msgs[m[K’ does not name a type
   52 |     [01;31m[Ksensor_msgs[m[K::msg::JointState last_joint_state_;
      |     [01;31m[K^~~~~~~~~~~[m[K
[01m[K/home/huucuong/mypendulumn/src/inverted_pendulum/src/control.cpp:[m[K In constructor ‘[01m[KWrenchPublisher::WrenchPublisher()[m[K’:
[01m[K/home/huucuong/mypendulumn/src/inverted_pendulum/src/control.cpp:15:9:[m[K [01;31m[Kerror: [m[K‘[01m[Ksubscriber_[m[K’ was not declared in this scope
   15 |         [01;31m[Ksubscriber_[m[K = this->create_subscription<sensor_msgs::msg::JointState>(
      |         [01;31m[K^~~~~~~~~~~[m[K
[01m[K/home/huucuong/mypendulumn/src/inverted_pendulum/src/control.cpp:15:49:[m[K [01;31m[Kerror: [m[K‘[01m[Ksensor_msgs[m[K’ was not declared in this scope
   15 |         subscriber_ = this->create_subscription<[01;31m[Ksensor_msgs[m[K::msg::JointState>(
      |                                                 [01;31m[K^~~~~~~~~~~[m[K
[01m[K/home/huucuong/mypendulumn/src/inverted_pendulum/src/control.cpp:15:29:[m[K [01;31m[Kerror: [m[Kparse error in template argument list
   15 |         subscriber_ = this->[01;31m[Kcreate_subscription<sensor_msgs::msg::JointState>[m[K(
      |                             [01;31m[K^~~~~~~~~~~~~~~~~~~~~~~~~~~~~~~~~~~~~~~~~~~~~~~~~[m[K
[01m[K/home/huucuong/mypendulumn/src/inverted_pendulum/src/control.cpp:17:9:[m[K [01;31m[Kerror: [m[Kno matching function for call to ‘[01m[KWrenchPublisher::create_subscription<<expression error> >(const char [13], int, std::_Bind_helper<false, void (WrenchPublisher::*)(...), WrenchPublisher*, const std::_Placeholder<1>&>::type)[m[K’
   17 |         [01;31m[K)[m[K;
      |         [01;31m[K^[m[K
In file included from [01m[K/opt/ros/foxy/include/rclcpp/executors/single_threaded_executor.hpp:28[m[K,
                 from [01m[K/opt/ros/foxy/include/rclcpp/executors.hpp:22[m[K,
                 from [01m[K/opt/ros/foxy/include/rclcpp/rclcpp.hpp:146[m[K,
                 from [01m[K/home/huucuong/mypendulumn/src/inverted_pendulum/src/control.cpp:1[m[K:
[01m[K/opt/ros/foxy/include/rclcpp/node.hpp:213:3:[m[K [01;36m[Knote: [m[Kcandidate: ‘[01m[Ktemplate<class MessageT, class CallbackT, class AllocatorT, class CallbackMessageT, class SubscriptionT, class MessageMemoryStrategyT> std::shared_ptr<SubscriptionT> rclcpp::Node::create_subscription(const string&, const rclcpp::QoS&, CallbackT&&, const rclcpp::SubscriptionOptionsWithAllocator<AllocatorT>&, typename MessageMemoryStrategyT::SharedPtr)[m[K’
  213 |   [01;36m[Kcreate_subscription[m[K(
      |   [01;36m[K^~~~~~~~~~~~~~~~~~~[m[K
[01m[K/opt/ros/foxy/include/rclcpp/node.hpp:213:3:[m[K [01;36m[Knote: [m[K  template argument deduction/substitution failed:
[01m[K/home/huucuong/mypendulumn/src/inverted_pendulum/src/control.cpp:17:9:[m[K [01;31m[Kerror: [m[Ktemplate argument 1 is invalid
   17 |         [01;31m[K)[m[K;
      |         [01;31m[K^[m[K
[01m[K/home/huucuong/mypendulumn/src/inverted_pendulum/src/control.cpp:[m[K In member function ‘[01m[Kvoid WrenchPublisher::publish_wrench()[m[K’:
[01m[K/home/huucuong/mypendulumn/src/inverted_pendulum/src/control.cpp:32:14:[m[K [01;31m[Kerror: [m[K‘[01m[Klast_joint_state_[m[K’ was not declared in this scope
   32 |         if (![01;31m[Klast_joint_state_[m[K.position.empty() && !last_joint_state_.velocity.empty()) {
      |              [01;31m[K^~~~~~~~~~~~~~~~~[m[K
make[2]: *** [CMakeFiles/wrench_publisher.dir/build.make:63: CMakeFiles/wrench_publisher.dir/src/control.cpp.o] Error 1
make[1]: *** [CMakeFiles/Makefile2:78: CMakeFiles/wrench_publisher.dir/all] Error 2
make: *** [Makefile:141: all] Error 2
