[0.306s] Invoking command in '/home/huucuong/mypendulumn/build/inverted_pendulum': CMAKE_PREFIX_PATH=${CMAKE_PREFIX_PATH}:/opt/ros/foxy /usr/bin/cmake --build /home/huucuong/mypendulumn/build/inverted_pendulum -- -j12 -l12
[0.373s] [35m[1mScanning dependencies of target control_pendulum[0m
[0.419s] [ 50%] [32mBuilding CXX object CMakeFiles/control_pendulum.dir/src/control.cpp.o[0m
[4.174s] [100%] [32m[1mLinking CXX executable control_pendulum[0m
[4.377s] [100%] Built target control_pendulum
[4.397s] Invoked command in '/home/huucuong/mypendulumn/build/inverted_pendulum' returned '0': CMAKE_PREFIX_PATH=${CMAKE_PREFIX_PATH}:/opt/ros/foxy /usr/bin/cmake --build /home/huucuong/mypendulumn/build/inverted_pendulum -- -j12 -l12
[4.460s] Invoking command in '/home/huucuong/mypendulumn/build/inverted_pendulum': CMAKE_PREFIX_PATH=${CMAKE_PREFIX_PATH}:/opt/ros/foxy /usr/bin/cmake --install /home/huucuong/mypendulumn/build/inverted_pendulum
[4.472s] -- Install configuration: ""
[4.472s] -- Execute custom install script
[4.472s] -- Up-to-date symlink: /home/huucuong/mypendulumn/install/inverted_pendulum/lib/inverted_pendulum/control_pendulum
[4.473s] -- Up-to-date symlink: /home/huucuong/mypendulumn/install/inverted_pendulum/share/inverted_pendulum/description/example_gazebo.xacro
[4.473s] -- Up-to-date symlink: /home/huucuong/mypendulumn/install/inverted_pendulum/share/inverted_pendulum/description/example_gazebo_test.xacro
[4.473s] -- Up-to-date symlink: /home/huucuong/mypendulumn/install/inverted_pendulum/share/inverted_pendulum/description/example_include.xacro
[4.474s] -- Up-to-date symlink: /home/huucuong/mypendulumn/install/inverted_pendulum/share/inverted_pendulum/description/pendulum_frame.xacro
[4.474s] -- Up-to-date symlink: /home/huucuong/mypendulumn/install/inverted_pendulum/share/inverted_pendulum/description/pendulum_frame_test.xacro
[4.474s] -- Up-to-date symlink: /home/huucuong/mypendulumn/install/inverted_pendulum/share/inverted_pendulum/launch/launch_pendulum.launch.py
[4.474s] -- Up-to-date symlink: /home/huucuong/mypendulumn/install/inverted_pendulum/share/inverted_pendulum/meshes/DC-Motor-STEP.stl
[4.474s] -- Up-to-date symlink: /home/huucuong/mypendulumn/install/inverted_pendulum/share/inverted_pendulum/meshes/Encoder.stl
[4.475s] -- Up-to-date symlink: /home/huucuong/mypendulumn/install/inverted_pendulum/share/inverted_pendulum/meshes/dau_noi_ti.stl
[4.475s] -- Up-to-date symlink: /home/huucuong/mypendulumn/install/inverted_pendulum/share/inverted_pendulum/meshes/frame.stl
[4.475s] -- Up-to-date symlink: /home/huucuong/mypendulumn/install/inverted_pendulum/share/inverted_pendulum/meshes/rod.stl
[4.475s] -- Up-to-date symlink: /home/huucuong/mypendulumn/install/inverted_pendulum/share/inverted_pendulum/meshes/scaledDesk.stl
[4.475s] -- Up-to-date symlink: /home/huucuong/mypendulumn/install/inverted_pendulum/share/inverted_pendulum/meshes/slider.stl
[4.476s] -- Up-to-date symlink: /home/huucuong/mypendulumn/install/inverted_pendulum/share/inverted_pendulum/src/control.cpp
[4.476s] -- Up-to-date symlink: /home/huucuong/mypendulumn/install/inverted_pendulum/share/ament_index/resource_index/package_run_dependencies/inverted_pendulum
[4.476s] -- Up-to-date symlink: /home/huucuong/mypendulumn/install/inverted_pendulum/share/ament_index/resource_index/parent_prefix_path/inverted_pendulum
[4.476s] -- Up-to-date symlink: /home/huucuong/mypendulumn/install/inverted_pendulum/share/inverted_pendulum/environment/ament_prefix_path.sh
[4.477s] -- Up-to-date symlink: /home/huucuong/mypendulumn/install/inverted_pendulum/share/inverted_pendulum/environment/ament_prefix_path.dsv
[4.477s] -- Up-to-date symlink: /home/huucuong/mypendulumn/install/inverted_pendulum/share/inverted_pendulum/environment/path.sh
[4.477s] -- Up-to-date symlink: /home/huucuong/mypendulumn/install/inverted_pendulum/share/inverted_pendulum/environment/path.dsv
[4.477s] -- Up-to-date symlink: /home/huucuong/mypendulumn/install/inverted_pendulum/share/inverted_pendulum/local_setup.bash
[4.477s] -- Up-to-date symlink: /home/huucuong/mypendulumn/install/inverted_pendulum/share/inverted_pendulum/local_setup.sh
[4.477s] -- Up-to-date symlink: /home/huucuong/mypendulumn/install/inverted_pendulum/share/inverted_pendulum/local_setup.zsh
[4.477s] -- Up-to-date symlink: /home/huucuong/mypendulumn/install/inverted_pendulum/share/inverted_pendulum/local_setup.dsv
[4.478s] -- Symlinking: /home/huucuong/mypendulumn/install/inverted_pendulum/share/inverted_pendulum/package.dsv
[4.492s] -- Up-to-date symlink: /home/huucuong/mypendulumn/install/inverted_pendulum/share/ament_index/resource_index/packages/inverted_pendulum
[4.492s] -- Up-to-date symlink: /home/huucuong/mypendulumn/install/inverted_pendulum/share/inverted_pendulum/cmake/inverted_pendulumConfig.cmake
[4.492s] -- Up-to-date symlink: /home/huucuong/mypendulumn/install/inverted_pendulum/share/inverted_pendulum/cmake/inverted_pendulumConfig-version.cmake
[4.493s] -- Up-to-date symlink: /home/huucuong/mypendulumn/install/inverted_pendulum/share/inverted_pendulum/package.xml
[4.496s] Invoked command in '/home/huucuong/mypendulumn/build/inverted_pendulum' returned '0': CMAKE_PREFIX_PATH=${CMAKE_PREFIX_PATH}:/opt/ros/foxy /usr/bin/cmake --install /home/huucuong/mypendulumn/build/inverted_pendulum
