[0.205s] Invoking command in '/home/huucuong/mypendulumn/build/inverted_pendulum': CMAKE_PREFIX_PATH=${CMAKE_PREFIX_PATH}:/opt/ros/foxy /usr/bin/cmake --build /home/huucuong/mypendulumn/build/inverted_pendulum -- -j12 -l12
[0.266s] [35m[1mScanning dependencies of target control_pendulum[0m
[0.307s] [ 50%] [32mBuilding CXX object CMakeFiles/control_pendulum.dir/src/control.cpp.o[0m
[1.495s] [01m[K/home/huucuong/mypendulumn/src/inverted_pendulum/src/control.cpp:17:21:[m[K [01;31m[Kerror: [m[KISO C++ forbids declaration of ‘[01m[KWrenchSubcriber[m[K’ with no type [[01;31m[K-fpermissive[m[K]
[1.495s]    17 |     WrenchSubcriber([01;31m[K)[m[K
[1.496s]       |                     [01;31m[K^[m[K
[1.513s] [01m[K/home/huucuong/mypendulumn/src/inverted_pendulum/src/control.cpp:[m[K In constructor ‘[01m[KWrenchPublisher::WrenchPublisher()[m[K’:
[1.514s] [01m[K/home/huucuong/mypendulumn/src/inverted_pendulum/src/control.cpp:10:13:[m[K [01;35m[Kwarning: [m[Kunused variable ‘[01m[Kpush[m[K’ [[01;35m[K-Wunused-variable[m[K]
[1.514s]    10 |         int [01;35m[Kpush[m[K=10;
[1.514s]       |             [01;35m[K^~~~[m[K
[1.514s] [01m[K/home/huucuong/mypendulumn/src/inverted_pendulum/src/control.cpp:[m[K In member function ‘[01m[Kint WrenchPublisher::WrenchSubcriber()[m[K’:
[1.514s] [01m[K/home/huucuong/mypendulumn/src/inverted_pendulum/src/control.cpp:18:7:[m[K [01;31m[Kerror: [m[Konly constructors take member initializers
[1.514s]    18 |     : [01;31m[KNode[m[K("publishforce")
[1.514s]       |       [01;31m[K^~~~[m[K
[1.514s] [01m[K/home/huucuong/mypendulumn/src/inverted_pendulum/src/control.cpp:25:5:[m[K [01;35m[Kwarning: [m[Kno return statement in function returning non-void [[01;35m[K-Wreturn-type[m[K]
[1.514s]    25 |     [01;35m[K}[m[K
[1.514s]       |     [01;35m[K^[m[K
[1.516s] [01m[K/home/huucuong/mypendulumn/src/inverted_pendulum/src/control.cpp:[m[K In member function ‘[01m[Kvoid WrenchPublisher::publish_wrench()[m[K’:
[1.516s] [01m[K/home/huucuong/mypendulumn/src/inverted_pendulum/src/control.cpp:32:27:[m[K [01;31m[Kerror: [m[K‘[01m[Kpush[m[K’ was not declared in this scope
[1.516s]    32 |         message.force.x = [01;31m[Kpush[m[K;
[1.516s]       |                           [01;31m[K^~~~[m[K
[2.383s] make[2]: *** [CMakeFiles/control_pendulum.dir/build.make:63: CMakeFiles/control_pendulum.dir/src/control.cpp.o] Error 1
[2.384s] make[1]: *** [CMakeFiles/Makefile2:78: CMakeFiles/control_pendulum.dir/all] Error 2
[2.384s] make: *** [Makefile:141: all] Error 2
[2.388s] Invoked command in '/home/huucuong/mypendulumn/build/inverted_pendulum' returned '2': CMAKE_PREFIX_PATH=${CMAKE_PREFIX_PATH}:/opt/ros/foxy /usr/bin/cmake --build /home/huucuong/mypendulumn/build/inverted_pendulum -- -j12 -l12
