[0.283s] Invoking command in '/home/huucuong/mypendulumn/build/inverted_pendulum': CMAKE_PREFIX_PATH=${CMAKE_PREFIX_PATH}:/opt/ros/foxy /usr/bin/cmake --build /home/huucuong/mypendulumn/build/inverted_pendulum -- -j12 -l12
[0.350s] [35m[1mScanning dependencies of target control_pendulum[0m
[0.393s] [ 50%] [32mBuilding CXX object CMakeFiles/control_pendulum.dir/src/control.cpp.o[0m
[2.074s] [01m[K/home/huucuong/mypendulumn/src/inverted_pendulum/src/control.cpp:25:11:[m[K [01;31m[Kerror: [m[K‘[01m[KSLIDER_ENC_COUNT[m[K’ does not name a type
[2.074s]    25 |     const [01;31m[KSLIDER_ENC_COUNT[m[K=24000
[2.075s]       |           [01;31m[K^~~~~~~~~~~~~~~~[m[K
[2.130s] In file included from [01m[K/opt/ros/foxy/include/rclcpp/client.hpp:40[m[K,
[2.130s]                  from [01m[K/opt/ros/foxy/include/rclcpp/callback_group.hpp:23[m[K,
[2.130s]                  from [01m[K/opt/ros/foxy/include/rclcpp/any_executable.hpp:20[m[K,
[2.130s]                  from [01m[K/opt/ros/foxy/include/rclcpp/memory_strategy.hpp:24[m[K,
[2.130s]                  from [01m[K/opt/ros/foxy/include/rclcpp/memory_strategies.hpp:18[m[K,
[2.130s]                  from [01m[K/opt/ros/foxy/include/rclcpp/executor_options.hpp:20[m[K,
[2.130s]                  from [01m[K/opt/ros/foxy/include/rclcpp/executor.hpp:33[m[K,
[2.130s]                  from [01m[K/opt/ros/foxy/include/rclcpp/executors/multi_threaded_executor.hpp:26[m[K,
[2.130s]                  from [01m[K/opt/ros/foxy/include/rclcpp/executors.hpp:21[m[K,
[2.130s]                  from [01m[K/opt/ros/foxy/include/rclcpp/rclcpp.hpp:146[m[K,
[2.130s]                  from [01m[K/home/huucuong/mypendulumn/src/inverted_pendulum/src/control.cpp:1[m[K:
[2.130s] [01m[K/home/huucuong/mypendulumn/src/inverted_pendulum/src/control.cpp:[m[K In member function ‘[01m[Kvoid WrenchPublisher::publish_wrench()[m[K’:
[2.130s] [01m[K/home/huucuong/mypendulumn/src/inverted_pendulum/src/control.cpp:53:49:[m[K [01;31m[Kerror: [m[K‘[01m[Kpendulum_pos[m[K’ was not declared in this scope
[2.130s]    53 |                     message.force.x,slider_pos, [01;31m[Kpendulum_pos[m[K);
[2.130s]       |                                                 [01;31m[K^~~~~~~~~~~~[m[K
[2.143s] [01m[K/home/huucuong/mypendulumn/src/inverted_pendulum/src/control.cpp:[m[K In member function ‘[01m[Kvoid WrenchPublisher::topic_callback(sensor_msgs::msg::JointState_<std::allocator<void> >::SharedPtr)[m[K’:
[2.143s] [01m[K/home/huucuong/mypendulumn/src/inverted_pendulum/src/control.cpp:64:5:[m[K [01;31m[Kerror: [m[K‘[01m[Kpendulum_pos[m[K’ was not declared in this scope
[2.143s]    64 |     [01;31m[Kpendulum_pos[m[K=msg->position[1]/M_PI*ANGLE_ENC_COUNT;
[2.144s]       |     [01;31m[K^~~~~~~~~~~~[m[K
[2.146s] [01m[K/home/huucuong/mypendulumn/src/inverted_pendulum/src/control.cpp:64:40:[m[K [01;31m[Kerror: [m[K‘[01m[KANGLE_ENC_COUNT[m[K’ was not declared in this scope
[2.147s]    64 |     pendulum_pos=msg->position[1]/M_PI*[01;31m[KANGLE_ENC_COUNT[m[K;
[2.147s]       |                                        [01;31m[K^~~~~~~~~~~~~~~[m[K
[2.150s] [01m[K/home/huucuong/mypendulumn/src/inverted_pendulum/src/control.cpp:65:38:[m[K [01;31m[Kerror: [m[K‘[01m[KSLIDER_ENC_COUNT[m[K’ was not declared in this scope
[2.150s]    65 |     slider_pos=msg->position[0]/0.35*[01;31m[KSLIDER_ENC_COUNT[m[K;
[2.150s]       |                                      [01;31m[K^~~~~~~~~~~~~~~~[m[K
[4.153s] make[2]: *** [CMakeFiles/control_pendulum.dir/build.make:63: CMakeFiles/control_pendulum.dir/src/control.cpp.o] Error 1
[4.154s] make[1]: *** [CMakeFiles/Makefile2:78: CMakeFiles/control_pendulum.dir/all] Error 2
[4.154s] make: *** [Makefile:141: all] Error 2
[4.159s] Invoked command in '/home/huucuong/mypendulumn/build/inverted_pendulum' returned '2': CMAKE_PREFIX_PATH=${CMAKE_PREFIX_PATH}:/opt/ros/foxy /usr/bin/cmake --build /home/huucuong/mypendulumn/build/inverted_pendulum -- -j12 -l12
