[0.214s] Invoking command in '/home/huucuong/mypendulumn/build/inverted_pendulum': CMAKE_PREFIX_PATH=${CMAKE_PREFIX_PATH}:/opt/ros/foxy /usr/bin/cmake --build /home/huucuong/mypendulumn/build/inverted_pendulum -- -j12 -l12
[0.257s] Invoked command in '/home/huucuong/mypendulumn/build/inverted_pendulum' returned '0': CMAKE_PREFIX_PATH=${CMAKE_PREFIX_PATH}:/opt/ros/foxy /usr/bin/cmake --build /home/huucuong/mypendulumn/build/inverted_pendulum -- -j12 -l12
[0.301s] Invoking command in '/home/huucuong/mypendulumn/build/inverted_pendulum': CMAKE_PREFIX_PATH=${CMAKE_PREFIX_PATH}:/opt/ros/foxy /usr/bin/cmake --install /home/huucuong/mypendulumn/build/inverted_pendulum
[0.314s] -- Install configuration: ""
[0.314s] -- Execute custom install script
[0.314s] -- Up-to-date symlink: /home/huucuong/mypendulumn/install/inverted_pendulum/share/inverted_pendulum/description/example_gazebo.xacro
[0.314s] -- Up-to-date symlink: /home/huucuong/mypendulumn/install/inverted_pendulum/share/inverted_pendulum/description/example_include.xacro
[0.314s] -- Up-to-date symlink: /home/huucuong/mypendulumn/install/inverted_pendulum/share/inverted_pendulum/description/pendulum_frame.xacro
[0.315s] -- Symlinking: /home/huucuong/mypendulumn/install/inverted_pendulum/share/inverted_pendulum/description/pendulum_frame_test.xacro
[0.327s] -- Up-to-date symlink: /home/huucuong/mypendulumn/install/inverted_pendulum/share/inverted_pendulum/launch/launch_pendulum.launch.py
[0.328s] -- Up-to-date symlink: /home/huucuong/mypendulumn/install/inverted_pendulum/share/inverted_pendulum/meshes/DC-Motor-STEP.stl
[0.328s] -- Up-to-date symlink: /home/huucuong/mypendulumn/install/inverted_pendulum/share/inverted_pendulum/meshes/Encoder.stl
[0.329s] -- Up-to-date symlink: /home/huucuong/mypendulumn/install/inverted_pendulum/share/inverted_pendulum/meshes/dau_noi_ti.stl
[0.329s] -- Up-to-date symlink: /home/huucuong/mypendulumn/install/inverted_pendulum/share/inverted_pendulum/meshes/frame.stl
[0.329s] -- Up-to-date symlink: /home/huucuong/mypendulumn/install/inverted_pendulum/share/inverted_pendulum/meshes/scaledDesk.stl
[0.329s] -- Up-to-date symlink: /home/huucuong/mypendulumn/install/inverted_pendulum/share/inverted_pendulum/meshes/slider.stl
[0.330s] -- Up-to-date symlink: /home/huucuong/mypendulumn/install/inverted_pendulum/share/ament_index/resource_index/package_run_dependencies/inverted_pendulum
[0.330s] -- Up-to-date symlink: /home/huucuong/mypendulumn/install/inverted_pendulum/share/ament_index/resource_index/parent_prefix_path/inverted_pendulum
[0.331s] -- Up-to-date symlink: /home/huucuong/mypendulumn/install/inverted_pendulum/share/inverted_pendulum/environment/ament_prefix_path.sh
[0.331s] -- Up-to-date symlink: /home/huucuong/mypendulumn/install/inverted_pendulum/share/inverted_pendulum/environment/ament_prefix_path.dsv
[0.332s] -- Up-to-date symlink: /home/huucuong/mypendulumn/install/inverted_pendulum/share/inverted_pendulum/environment/path.sh
[0.332s] -- Up-to-date symlink: /home/huucuong/mypendulumn/install/inverted_pendulum/share/inverted_pendulum/environment/path.dsv
[0.332s] -- Up-to-date symlink: /home/huucuong/mypendulumn/install/inverted_pendulum/share/inverted_pendulum/local_setup.bash
[0.333s] -- Up-to-date symlink: /home/huucuong/mypendulumn/install/inverted_pendulum/share/inverted_pendulum/local_setup.sh
[0.333s] -- Up-to-date symlink: /home/huucuong/mypendulumn/install/inverted_pendulum/share/inverted_pendulum/local_setup.zsh
[0.334s] -- Up-to-date symlink: /home/huucuong/mypendulumn/install/inverted_pendulum/share/inverted_pendulum/local_setup.dsv
[0.334s] -- Symlinking: /home/huucuong/mypendulumn/install/inverted_pendulum/share/inverted_pendulum/package.dsv
[0.349s] -- Up-to-date symlink: /home/huucuong/mypendulumn/install/inverted_pendulum/share/ament_index/resource_index/packages/inverted_pendulum
[0.350s] -- Up-to-date symlink: /home/huucuong/mypendulumn/install/inverted_pendulum/share/inverted_pendulum/cmake/inverted_pendulumConfig.cmake
[0.350s] -- Up-to-date symlink: /home/huucuong/mypendulumn/install/inverted_pendulum/share/inverted_pendulum/cmake/inverted_pendulumConfig-version.cmake
[0.351s] -- Up-to-date symlink: /home/huucuong/mypendulumn/install/inverted_pendulum/share/inverted_pendulum/package.xml
[0.354s] Invoked command in '/home/huucuong/mypendulumn/build/inverted_pendulum' returned '0': CMAKE_PREFIX_PATH=${CMAKE_PREFIX_PATH}:/opt/ros/foxy /usr/bin/cmake --install /home/huucuong/mypendulumn/build/inverted_pendulum
