[0.207s] Invoking command in '/home/huucuong/mypendulumn/build/inverted_pendulum': CMAKE_PREFIX_PATH=${CMAKE_PREFIX_PATH}:/opt/ros/foxy /usr/bin/cmake --build /home/huucuong/mypendulumn/build/inverted_pendulum -- -j12 -l12
[0.243s] -- Found ament_cmake: 0.9.12 (/opt/ros/foxy/share/ament_cmake/cmake)
[0.276s] -- Using PYTHON_EXECUTABLE: /usr/bin/python3
[0.491s] -- Override CMake install command with custom implementation using symlinks instead of copying resources
[0.516s] -- Found rclcpp: 2.4.3 (/opt/ros/foxy/share/rclcpp/cmake)
[0.564s] -- Using all available rosidl_typesupport_c: rosidl_typesupport_fastrtps_c;rosidl_typesupport_introspection_c
[0.569s] -- Found rosidl_adapter: 1.3.1 (/opt/ros/foxy/share/rosidl_adapter/cmake)
[0.735s] -- Using all available rosidl_typesupport_cpp: rosidl_typesupport_fastrtps_cpp;rosidl_typesupport_introspection_cpp
[0.784s] -- Found rmw_implementation_cmake: 1.0.4 (/opt/ros/foxy/share/rmw_implementation_cmake/cmake)
[0.785s] -- Using RMW implementation 'rmw_fastrtps_cpp' as default
[0.932s] -- Found geometry_msgs: 2.0.5 (/opt/ros/foxy/share/geometry_msgs/cmake)
[0.972s] -- Found sensor_msgs: 2.0.5 (/opt/ros/foxy/share/sensor_msgs/cmake)
[1.047s] -- Found ament_lint_auto: 0.9.8 (/opt/ros/foxy/share/ament_lint_auto/cmake)
[1.130s] CMake Error at CMakeLists.txt:42 (add_executable):
[1.130s]   add_executable cannot create target "control_pendulum" because another
[1.130s]   target with the same name already exists.  The existing target is an
[1.130s]   executable created in source directory
[1.130s]   "/home/huucuong/mypendulumn/src/inverted_pendulum".  See documentation for
[1.131s]   policy CMP0002 for more details.
[1.131s] 
[1.131s] 
[1.139s] -- Added test 'copyright' to check source files copyright and LICENSE
[1.150s] -- Added test 'cppcheck' to perform static code analysis on C / C++ code
[1.150s] -- Configured cppcheck include dirs: 
[1.150s] -- Configured cppcheck exclude dirs and/or files: 
[1.155s] -- Added test 'cpplint' to check C / C++ code against the Google style
[1.155s] -- Configured cpplint exclude dirs and/or files: 
[1.155s] -- Added test 'flake8' to check Python code syntax and style conventions
[1.156s] -- Added test 'lint_cmake' to check CMake code style
[1.157s] -- Added test 'pep257' to check Python code against some of the style conventions in PEP 257
[1.160s] -- Added test 'uncrustify' to check C / C++ code style
[1.160s] -- Configured uncrustify additional arguments: 
[1.161s] -- Added test 'xmllint' to check XML markup files
[1.164s] -- Configuring incomplete, errors occurred!
[1.165s] See also "/home/huucuong/mypendulumn/build/inverted_pendulum/CMakeFiles/CMakeOutput.log".
[1.165s] See also "/home/huucuong/mypendulumn/build/inverted_pendulum/CMakeFiles/CMakeError.log".
[1.172s] make: *** [Makefile:310: cmake_check_build_system] Error 1
[1.175s] Invoked command in '/home/huucuong/mypendulumn/build/inverted_pendulum' returned '2': CMAKE_PREFIX_PATH=${CMAKE_PREFIX_PATH}:/opt/ros/foxy /usr/bin/cmake --build /home/huucuong/mypendulumn/build/inverted_pendulum -- -j12 -l12
