[0.234s] Invoking command in '/home/huucuong/mypendulumn/build/inverted_pendulum': CMAKE_PREFIX_PATH=${CMAKE_PREFIX_PATH}:/opt/ros/foxy /usr/bin/cmake --build /home/huucuong/mypendulumn/build/inverted_pendulum -- -j12 -l12
[0.323s] -- Found ament_cmake: 0.9.12 (/opt/ros/foxy/share/ament_cmake/cmake)
[0.351s] -- Using PYTHON_EXECUTABLE: /usr/bin/python3
[0.555s] -- Override CMake install command with custom implementation using symlinks instead of copying resources
[0.581s] -- Found rclcpp: 2.4.3 (/opt/ros/foxy/share/rclcpp/cmake)
[0.643s] -- Using all available rosidl_typesupport_c: rosidl_typesupport_fastrtps_c;rosidl_typesupport_introspection_c
[0.649s] -- Found rosidl_adapter: 1.3.1 (/opt/ros/foxy/share/rosidl_adapter/cmake)
[0.816s] -- Using all available rosidl_typesupport_cpp: rosidl_typesupport_fastrtps_cpp;rosidl_typesupport_introspection_cpp
[0.872s] -- Found rmw_implementation_cmake: 1.0.4 (/opt/ros/foxy/share/rmw_implementation_cmake/cmake)
[0.875s] -- Using RMW implementation 'rmw_fastrtps_cpp' as default
[1.022s] -- Found geometry_msgs: 2.0.5 (/opt/ros/foxy/share/geometry_msgs/cmake)
[1.055s] -- Found sensor_msgs: 2.0.5 (/opt/ros/foxy/share/sensor_msgs/cmake)
[1.137s] -- Found ament_lint_auto: 0.9.8 (/opt/ros/foxy/share/ament_lint_auto/cmake)
[1.223s] -- Added test 'copyright' to check source files copyright and LICENSE
[1.234s] -- Added test 'cppcheck' to perform static code analysis on C / C++ code
[1.234s] -- Configured cppcheck include dirs: 
[1.234s] -- Configured cppcheck exclude dirs and/or files: 
[1.238s] -- Added test 'cpplint' to check C / C++ code against the Google style
[1.239s] -- Configured cpplint exclude dirs and/or files: 
[1.239s] -- Added test 'flake8' to check Python code syntax and style conventions
[1.240s] -- Added test 'lint_cmake' to check CMake code style
[1.241s] -- Added test 'pep257' to check Python code against some of the style conventions in PEP 257
[1.244s] -- Added test 'uncrustify' to check C / C++ code style
[1.244s] -- Configured uncrustify additional arguments: 
[1.245s] -- Added test 'xmllint' to check XML markup files
[1.248s] -- Configuring done
[1.249s] CMake Error at CMakeLists.txt:42 (add_executable):
[1.249s]   Cannot find source file:
[1.249s] 
[1.249s]     src/joint_state_listener.cpp
[1.249s] 
[1.249s]   Tried extensions .c .C .c++ .cc .cpp .cxx .cu .m .M .mm .h .hh .h++ .hm
[1.249s]   .hpp .hxx .in .txx
[1.249s] 
[1.250s] 
[1.250s] CMake Error at CMakeLists.txt:42 (add_executable):
[1.250s]   No SOURCES given to target: joint_state_listener
[1.250s] 
[1.250s] 
[1.250s] CMake Generate step failed.  Build files cannot be regenerated correctly.
[1.256s] make: *** [Makefile:266: cmake_check_build_system] Error 1
[1.258s] Invoked command in '/home/huucuong/mypendulumn/build/inverted_pendulum' returned '2': CMAKE_PREFIX_PATH=${CMAKE_PREFIX_PATH}:/opt/ros/foxy /usr/bin/cmake --build /home/huucuong/mypendulumn/build/inverted_pendulum -- -j12 -l12
