[3.927s] DEBUG:colcon:Command line arguments: ['/usr/bin/colcon', 'build', '--symlink-install']
[3.927s] DEBUG:colcon:Parsed command line arguments: Namespace(allow_overriding=[], ament_cmake_args=None, base_paths=['.'], build_base='build', catkin_cmake_args=None, catkin_skip_building_tests=False, cmake_args=None, cmake_clean_cache=False, cmake_clean_first=False, cmake_force_configure=False, cmake_target=None, cmake_target_skip_unavailable=False, continue_on_error=False, event_handlers=None, executor='parallel', ignore_user_meta=False, install_base='install', log_base=None, log_level=None, main=<bound method BuildVerb.main of <colcon_core.verb.build.BuildVerb object at 0x7f472cf1bca0>>, merge_install=False, metas=['./colcon.meta'], packages_above=None, packages_above_and_dependencies=None, packages_above_depth=None, packages_end=None, packages_ignore=None, packages_ignore_regex=None, packages_select=None, packages_select_build_failed=False, packages_select_by_dep=None, packages_select_regex=None, packages_select_test_failures=False, packages_skip=None, packages_skip_build_finished=False, packages_skip_by_dep=None, packages_skip_regex=None, packages_skip_test_passed=False, packages_skip_up_to=None, packages_start=None, packages_up_to=None, packages_up_to_regex=None, parallel_workers=12, paths=None, symlink_install=True, test_result_base=None, verb_extension=<colcon_core.verb.build.BuildVerb object at 0x7f472cf1bca0>, verb_name='build', verb_parser=<colcon_defaults.argument_parser.defaults.DefaultArgumentsDecorator object at 0x7f472cf1b970>)
[4.123s] Level 1:colcon.colcon_core.package_discovery:discover_packages(colcon_meta) check parameters
[4.124s] Level 1:colcon.colcon_core.package_discovery:discover_packages(recursive) check parameters
[4.124s] Level 1:colcon.colcon_core.package_discovery:discover_packages(ignore) check parameters
[4.124s] Level 1:colcon.colcon_core.package_discovery:discover_packages(path) check parameters
[4.124s] Level 1:colcon.colcon_core.package_discovery:discover_packages(colcon_meta) discover
[4.124s] Level 1:colcon.colcon_core.package_discovery:discover_packages(recursive) discover
[4.124s] INFO:colcon.colcon_core.package_discovery:Crawling recursively for packages in '/home/huucuong/mypendulumn'
[4.124s] Level 1:colcon.colcon_core.package_identification:_identify(.) by extensions ['ignore', 'ignore_ament_install']
[4.124s] Level 1:colcon.colcon_core.package_identification:_identify(.) by extension 'ignore'
[4.124s] Level 1:colcon.colcon_core.package_identification:_identify(.) by extension 'ignore_ament_install'
[4.124s] Level 1:colcon.colcon_core.package_identification:_identify(.) by extensions ['colcon_pkg']
[4.124s] Level 1:colcon.colcon_core.package_identification:_identify(.) by extension 'colcon_pkg'
[4.124s] Level 1:colcon.colcon_core.package_identification:_identify(.) by extensions ['colcon_meta']
[4.124s] Level 1:colcon.colcon_core.package_identification:_identify(.) by extension 'colcon_meta'
[4.124s] Level 1:colcon.colcon_core.package_identification:_identify(.) by extensions ['ros']
[4.124s] Level 1:colcon.colcon_core.package_identification:_identify(.) by extension 'ros'
[4.139s] Level 1:colcon.colcon_core.package_identification:_identify(.) by extensions ['cmake', 'python']
[4.139s] Level 1:colcon.colcon_core.package_identification:_identify(.) by extension 'cmake'
[4.139s] Level 1:colcon.colcon_core.package_identification:_identify(.) by extension 'python'
[4.139s] Level 1:colcon.colcon_core.package_identification:_identify(.) by extensions ['python_setup_py']
[4.139s] Level 1:colcon.colcon_core.package_identification:_identify(.) by extension 'python_setup_py'
[4.139s] Level 1:colcon.colcon_core.package_identification:_identify(build) by extensions ['ignore', 'ignore_ament_install']
[4.139s] Level 1:colcon.colcon_core.package_identification:_identify(build) by extension 'ignore'
[4.139s] Level 1:colcon.colcon_core.package_identification:_identify(build) ignored
[4.139s] Level 1:colcon.colcon_core.package_identification:_identify(install) by extensions ['ignore', 'ignore_ament_install']
[4.139s] Level 1:colcon.colcon_core.package_identification:_identify(install) by extension 'ignore'
[4.139s] Level 1:colcon.colcon_core.package_identification:_identify(install) ignored
[4.140s] Level 1:colcon.colcon_core.package_identification:_identify(log) by extensions ['ignore', 'ignore_ament_install']
[4.140s] Level 1:colcon.colcon_core.package_identification:_identify(log) by extension 'ignore'
[4.140s] Level 1:colcon.colcon_core.package_identification:_identify(log) ignored
[4.140s] Level 1:colcon.colcon_core.package_identification:_identify(src) by extensions ['ignore', 'ignore_ament_install']
[4.140s] Level 1:colcon.colcon_core.package_identification:_identify(src) by extension 'ignore'
[4.140s] Level 1:colcon.colcon_core.package_identification:_identify(src) by extension 'ignore_ament_install'
[4.140s] Level 1:colcon.colcon_core.package_identification:_identify(src) by extensions ['colcon_pkg']
[4.140s] Level 1:colcon.colcon_core.package_identification:_identify(src) by extension 'colcon_pkg'
[4.140s] Level 1:colcon.colcon_core.package_identification:_identify(src) by extensions ['colcon_meta']
[4.140s] Level 1:colcon.colcon_core.package_identification:_identify(src) by extension 'colcon_meta'
[4.140s] Level 1:colcon.colcon_core.package_identification:_identify(src) by extensions ['ros']
[4.140s] Level 1:colcon.colcon_core.package_identification:_identify(src) by extension 'ros'
[4.140s] Level 1:colcon.colcon_core.package_identification:_identify(src) by extensions ['cmake', 'python']
[4.141s] Level 1:colcon.colcon_core.package_identification:_identify(src) by extension 'cmake'
[4.141s] Level 1:colcon.colcon_core.package_identification:_identify(src) by extension 'python'
[4.141s] Level 1:colcon.colcon_core.package_identification:_identify(src) by extensions ['python_setup_py']
[4.141s] Level 1:colcon.colcon_core.package_identification:_identify(src) by extension 'python_setup_py'
[4.141s] Level 1:colcon.colcon_core.package_identification:_identify(src/inverted_pendulum) by extensions ['ignore', 'ignore_ament_install']
[4.141s] Level 1:colcon.colcon_core.package_identification:_identify(src/inverted_pendulum) by extension 'ignore'
[4.141s] Level 1:colcon.colcon_core.package_identification:_identify(src/inverted_pendulum) by extension 'ignore_ament_install'
[4.141s] Level 1:colcon.colcon_core.package_identification:_identify(src/inverted_pendulum) by extensions ['colcon_pkg']
[4.141s] Level 1:colcon.colcon_core.package_identification:_identify(src/inverted_pendulum) by extension 'colcon_pkg'
[4.141s] Level 1:colcon.colcon_core.package_identification:_identify(src/inverted_pendulum) by extensions ['colcon_meta']
[4.141s] Level 1:colcon.colcon_core.package_identification:_identify(src/inverted_pendulum) by extension 'colcon_meta'
[4.141s] Level 1:colcon.colcon_core.package_identification:_identify(src/inverted_pendulum) by extensions ['ros']
[4.141s] Level 1:colcon.colcon_core.package_identification:_identify(src/inverted_pendulum) by extension 'ros'
[4.144s] DEBUG:colcon.colcon_core.package_identification:Package 'src/inverted_pendulum' with type 'ros.ament_cmake' and name 'inverted_pendulum'
[4.144s] Level 1:colcon.colcon_core.package_discovery:discover_packages(recursive) using defaults
[4.144s] Level 1:colcon.colcon_core.package_discovery:discover_packages(ignore) discover
[4.144s] Level 1:colcon.colcon_core.package_discovery:discover_packages(ignore) using defaults
[4.144s] Level 1:colcon.colcon_core.package_discovery:discover_packages(path) discover
[4.144s] Level 1:colcon.colcon_core.package_discovery:discover_packages(path) using defaults
[4.536s] Level 1:colcon.colcon_core.package_discovery:discover_packages(prefix_path) check parameters
[4.536s] Level 1:colcon.colcon_core.package_discovery:discover_packages(prefix_path) discover
[4.705s] DEBUG:colcon.colcon_installed_package_information.package_discovery:Found 1 installed packages in /home/huucuong/mypendulumn/install
[4.776s] DEBUG:colcon.colcon_installed_package_information.package_discovery:Found 324 installed packages in /opt/ros/foxy
[4.778s] Level 1:colcon.colcon_core.package_discovery:discover_packages(prefix_path) using defaults
[5.037s] Level 5:colcon.colcon_core.verb:set package 'inverted_pendulum' build argument 'cmake_args' from command line to 'None'
[5.037s] Level 5:colcon.colcon_core.verb:set package 'inverted_pendulum' build argument 'cmake_target' from command line to 'None'
[5.038s] Level 5:colcon.colcon_core.verb:set package 'inverted_pendulum' build argument 'cmake_target_skip_unavailable' from command line to 'False'
[5.038s] Level 5:colcon.colcon_core.verb:set package 'inverted_pendulum' build argument 'cmake_clean_cache' from command line to 'False'
[5.038s] Level 5:colcon.colcon_core.verb:set package 'inverted_pendulum' build argument 'cmake_clean_first' from command line to 'False'
[5.038s] Level 5:colcon.colcon_core.verb:set package 'inverted_pendulum' build argument 'cmake_force_configure' from command line to 'False'
[5.038s] Level 5:colcon.colcon_core.verb:set package 'inverted_pendulum' build argument 'ament_cmake_args' from command line to 'None'
[5.038s] Level 5:colcon.colcon_core.verb:set package 'inverted_pendulum' build argument 'catkin_cmake_args' from command line to 'None'
[5.038s] Level 5:colcon.colcon_core.verb:set package 'inverted_pendulum' build argument 'catkin_skip_building_tests' from command line to 'False'
[5.038s] DEBUG:colcon.colcon_core.verb:Building package 'inverted_pendulum' with the following arguments: {'ament_cmake_args': None, 'build_base': '/home/huucuong/mypendulumn/build/inverted_pendulum', 'catkin_cmake_args': None, 'catkin_skip_building_tests': False, 'cmake_args': None, 'cmake_clean_cache': False, 'cmake_clean_first': False, 'cmake_force_configure': False, 'cmake_target': None, 'cmake_target_skip_unavailable': False, 'install_base': '/home/huucuong/mypendulumn/install/inverted_pendulum', 'merge_install': False, 'path': '/home/huucuong/mypendulumn/src/inverted_pendulum', 'symlink_install': True, 'test_result_base': None}
[5.108s] INFO:colcon.colcon_core.executor:Executing jobs using 'parallel' executor
[5.178s] DEBUG:colcon.colcon_parallel_executor.executor.parallel:run_until_complete
[5.178s] INFO:colcon.colcon_ros.task.ament_cmake.build:Building ROS package in '/home/huucuong/mypendulumn/src/inverted_pendulum' with build type 'ament_cmake'
[5.178s] INFO:colcon.colcon_cmake.task.cmake.build:Building CMake package in '/home/huucuong/mypendulumn/src/inverted_pendulum'
[5.260s] INFO:colcon.colcon_core.plugin_system:Skipping extension 'colcon_core.shell.bat': Not used on non-Windows systems
[5.260s] INFO:colcon.colcon_core.shell:Skip shell extension 'powershell' for command environment: Not usable outside of PowerShell
[5.261s] DEBUG:colcon.colcon_core.shell:Skip shell extension 'dsv' for command environment
[5.512s] DEBUG:colcon.colcon_core.event_handler.log_command:Invoking command in '/home/huucuong/mypendulumn/build/inverted_pendulum': CMAKE_PREFIX_PATH=${CMAKE_PREFIX_PATH}:/opt/ros/foxy /usr/bin/cmake --build /home/huucuong/mypendulumn/build/inverted_pendulum -- -j12 -l12
[10.425s] DEBUG:colcon.colcon_core.event_handler.log_command:Invoked command in '/home/huucuong/mypendulumn/build/inverted_pendulum' returned '0': CMAKE_PREFIX_PATH=${CMAKE_PREFIX_PATH}:/opt/ros/foxy /usr/bin/cmake --build /home/huucuong/mypendulumn/build/inverted_pendulum -- -j12 -l12
[10.480s] DEBUG:colcon.colcon_core.event_handler.log_command:Invoking command in '/home/huucuong/mypendulumn/build/inverted_pendulum': CMAKE_PREFIX_PATH=${CMAKE_PREFIX_PATH}:/opt/ros/foxy /usr/bin/cmake --install /home/huucuong/mypendulumn/build/inverted_pendulum
[10.528s] Level 1:colcon.colcon_core.environment:create_environment_scripts_only(inverted_pendulum)
[10.529s] DEBUG:colcon.colcon_core.event_handler.log_command:Invoked command in '/home/huucuong/mypendulumn/build/inverted_pendulum' returned '0': CMAKE_PREFIX_PATH=${CMAKE_PREFIX_PATH}:/opt/ros/foxy /usr/bin/cmake --install /home/huucuong/mypendulumn/build/inverted_pendulum
[10.595s] Level 1:colcon.colcon_core.environment:checking '/home/huucuong/mypendulumn/install/inverted_pendulum' for CMake module files
[10.596s] Level 1:colcon.colcon_core.environment:checking '/home/huucuong/mypendulumn/install/inverted_pendulum' for CMake config files
[10.599s] Level 1:colcon.colcon_core.shell:create_environment_hook('inverted_pendulum', 'cmake_prefix_path')
[10.652s] INFO:colcon.colcon_core.shell:Creating environment hook '/home/huucuong/mypendulumn/install/inverted_pendulum/share/inverted_pendulum/hook/cmake_prefix_path.ps1'
[10.653s] INFO:colcon.colcon_core.shell:Creating environment descriptor '/home/huucuong/mypendulumn/install/inverted_pendulum/share/inverted_pendulum/hook/cmake_prefix_path.dsv'
[10.654s] INFO:colcon.colcon_core.shell:Creating environment hook '/home/huucuong/mypendulumn/install/inverted_pendulum/share/inverted_pendulum/hook/cmake_prefix_path.sh'
[10.655s] Level 1:colcon.colcon_core.environment:checking '/home/huucuong/mypendulumn/install/inverted_pendulum/lib'
[10.655s] Level 1:colcon.colcon_core.environment:checking '/home/huucuong/mypendulumn/install/inverted_pendulum/bin'
[10.655s] Level 1:colcon.colcon_core.environment:checking '/home/huucuong/mypendulumn/install/inverted_pendulum/lib/pkgconfig/inverted_pendulum.pc'
[10.655s] Level 1:colcon.colcon_core.environment:checking '/home/huucuong/mypendulumn/install/inverted_pendulum/lib/python3.8/site-packages'
[10.656s] Level 1:colcon.colcon_core.environment:checking '/home/huucuong/mypendulumn/install/inverted_pendulum/bin'
[10.705s] INFO:colcon.colcon_core.shell:Creating package script '/home/huucuong/mypendulumn/install/inverted_pendulum/share/inverted_pendulum/package.ps1'
[10.707s] INFO:colcon.colcon_core.shell:Creating package descriptor '/home/huucuong/mypendulumn/install/inverted_pendulum/share/inverted_pendulum/package.dsv'
[10.708s] INFO:colcon.colcon_core.shell:Creating package script '/home/huucuong/mypendulumn/install/inverted_pendulum/share/inverted_pendulum/package.sh'
[10.709s] INFO:colcon.colcon_core.shell:Creating package script '/home/huucuong/mypendulumn/install/inverted_pendulum/share/inverted_pendulum/package.bash'
[10.710s] INFO:colcon.colcon_core.shell:Creating package script '/home/huucuong/mypendulumn/install/inverted_pendulum/share/inverted_pendulum/package.zsh'
[10.711s] Level 1:colcon.colcon_core.environment:create_file_with_runtime_dependencies(/home/huucuong/mypendulumn/install/inverted_pendulum/share/colcon-core/packages/inverted_pendulum)
[10.807s] Level 1:colcon.colcon_core.environment:create_environment_scripts_only(inverted_pendulum)
[10.853s] Level 1:colcon.colcon_core.environment:checking '/home/huucuong/mypendulumn/install/inverted_pendulum' for CMake module files
[10.854s] Level 1:colcon.colcon_core.environment:checking '/home/huucuong/mypendulumn/install/inverted_pendulum' for CMake config files
[10.854s] Level 1:colcon.colcon_core.shell:create_environment_hook('inverted_pendulum', 'cmake_prefix_path')
[10.903s] INFO:colcon.colcon_core.shell:Creating environment hook '/home/huucuong/mypendulumn/install/inverted_pendulum/share/inverted_pendulum/hook/cmake_prefix_path.ps1'
[10.903s] INFO:colcon.colcon_core.shell:Creating environment descriptor '/home/huucuong/mypendulumn/install/inverted_pendulum/share/inverted_pendulum/hook/cmake_prefix_path.dsv'
[10.903s] INFO:colcon.colcon_core.shell:Creating environment hook '/home/huucuong/mypendulumn/install/inverted_pendulum/share/inverted_pendulum/hook/cmake_prefix_path.sh'
[10.904s] Level 1:colcon.colcon_core.environment:checking '/home/huucuong/mypendulumn/install/inverted_pendulum/lib'
[10.904s] Level 1:colcon.colcon_core.environment:checking '/home/huucuong/mypendulumn/install/inverted_pendulum/bin'
[10.904s] Level 1:colcon.colcon_core.environment:checking '/home/huucuong/mypendulumn/install/inverted_pendulum/lib/pkgconfig/inverted_pendulum.pc'
[10.904s] Level 1:colcon.colcon_core.environment:checking '/home/huucuong/mypendulumn/install/inverted_pendulum/lib/python3.8/site-packages'
[10.904s] Level 1:colcon.colcon_core.environment:checking '/home/huucuong/mypendulumn/install/inverted_pendulum/bin'
[10.954s] INFO:colcon.colcon_core.shell:Creating package script '/home/huucuong/mypendulumn/install/inverted_pendulum/share/inverted_pendulum/package.ps1'
[10.955s] INFO:colcon.colcon_core.shell:Creating package descriptor '/home/huucuong/mypendulumn/install/inverted_pendulum/share/inverted_pendulum/package.dsv'
[10.955s] INFO:colcon.colcon_core.shell:Creating package script '/home/huucuong/mypendulumn/install/inverted_pendulum/share/inverted_pendulum/package.sh'
[10.956s] INFO:colcon.colcon_core.shell:Creating package script '/home/huucuong/mypendulumn/install/inverted_pendulum/share/inverted_pendulum/package.bash'
[10.956s] INFO:colcon.colcon_core.shell:Creating package script '/home/huucuong/mypendulumn/install/inverted_pendulum/share/inverted_pendulum/package.zsh'
[10.956s] Level 1:colcon.colcon_core.environment:create_file_with_runtime_dependencies(/home/huucuong/mypendulumn/install/inverted_pendulum/share/colcon-core/packages/inverted_pendulum)
[10.957s] DEBUG:colcon.colcon_parallel_executor.executor.parallel:closing loop
[10.957s] DEBUG:colcon.colcon_parallel_executor.executor.parallel:loop closed
[10.957s] DEBUG:colcon.colcon_parallel_executor.executor.parallel:run_until_complete finished with '0'
[10.957s] DEBUG:colcon.colcon_core.event_reactor:joining thread
[11.019s] INFO:colcon.colcon_core.plugin_system:Skipping extension 'colcon_notification.desktop_notification.terminal_notifier': Not used on non-Darwin systems
[11.019s] INFO:colcon.colcon_core.plugin_system:Skipping extension 'colcon_notification.desktop_notification.win32': Not used on non-Windows systems
[11.019s] INFO:colcon.colcon_notification.desktop_notification:Sending desktop notification using 'notify2'
[11.050s] DEBUG:colcon.colcon_core.event_reactor:joined thread
[11.101s] INFO:colcon.colcon_core.shell:Creating prefix script '/home/huucuong/mypendulumn/install/local_setup.ps1'
[11.102s] INFO:colcon.colcon_core.shell:Creating prefix util module '/home/huucuong/mypendulumn/install/_local_setup_util_ps1.py'
[11.104s] INFO:colcon.colcon_core.shell:Creating prefix chain script '/home/huucuong/mypendulumn/install/setup.ps1'
[11.148s] INFO:colcon.colcon_core.shell:Creating prefix script '/home/huucuong/mypendulumn/install/local_setup.sh'
[11.149s] INFO:colcon.colcon_core.shell:Creating prefix util module '/home/huucuong/mypendulumn/install/_local_setup_util_sh.py'
[11.149s] INFO:colcon.colcon_core.shell:Creating prefix chain script '/home/huucuong/mypendulumn/install/setup.sh'
[11.194s] INFO:colcon.colcon_core.shell:Creating prefix script '/home/huucuong/mypendulumn/install/local_setup.bash'
[11.194s] INFO:colcon.colcon_core.shell:Creating prefix chain script '/home/huucuong/mypendulumn/install/setup.bash'
[11.237s] INFO:colcon.colcon_core.shell:Creating prefix script '/home/huucuong/mypendulumn/install/local_setup.zsh'
[11.238s] INFO:colcon.colcon_core.shell:Creating prefix chain script '/home/huucuong/mypendulumn/install/setup.zsh'
