[0.188s] Invoking command in '/home/huucuong/mypendulumn/build/inverted_pendulum': CMAKE_PREFIX_PATH=${CMAKE_PREFIX_PATH}:/opt/ros/foxy /usr/bin/cmake --build /home/huucuong/mypendulumn/build/inverted_pendulum -- -j12 -l12
[0.217s] -- Found ament_cmake: 0.9.12 (/opt/ros/foxy/share/ament_cmake/cmake)
[0.243s] -- Using PYTHON_EXECUTABLE: /usr/bin/python3
[0.421s] -- Override CMake install command with custom implementation using symlinks instead of copying resources
[0.432s] -- Found rclcpp: 2.4.3 (/opt/ros/foxy/share/rclcpp/cmake)
[0.460s] -- Using all available rosidl_typesupport_c: rosidl_typesupport_fastrtps_c;rosidl_typesupport_introspection_c
[0.463s] -- Found rosidl_adapter: 1.3.1 (/opt/ros/foxy/share/rosidl_adapter/cmake)
[0.600s] -- Using all available rosidl_typesupport_cpp: rosidl_typesupport_fastrtps_cpp;rosidl_typesupport_introspection_cpp
[0.643s] -- Found rmw_implementation_cmake: 1.0.4 (/opt/ros/foxy/share/rmw_implementation_cmake/cmake)
[0.643s] -- Using RMW implementation 'rmw_fastrtps_cpp' as default
[0.772s] -- Found geometry_msgs: 2.0.5 (/opt/ros/foxy/share/geometry_msgs/cmake)
[0.801s] -- Found ament_lint_auto: 0.9.8 (/opt/ros/foxy/share/ament_lint_auto/cmake)
[0.871s] CMake Error at /opt/ros/foxy/share/ament_cmake_core/cmake/symlink_install/ament_cmake_symlink_install_targets.cmake:67 (message):
[0.871s]   ament_cmake_symlink_install_targets() 'DIRECTORY' is not a target
[0.871s] Call Stack (most recent call first):
[0.871s]   /opt/ros/foxy/share/ament_cmake_core/cmake/symlink_install/install.cmake:37 (ament_cmake_symlink_install_targets)
[0.871s]   CMakeLists.txt:41 (install)
[0.872s] 
[0.872s] 
[0.872s] -- Configuring incomplete, errors occurred!
[0.872s] See also "/home/huucuong/mypendulumn/build/inverted_pendulum/CMakeFiles/CMakeOutput.log".
[0.872s] See also "/home/huucuong/mypendulumn/build/inverted_pendulum/CMakeFiles/CMakeError.log".
[0.877s] make: *** [Makefile:266: cmake_check_build_system] Error 1
[0.881s] Invoked command in '/home/huucuong/mypendulumn/build/inverted_pendulum' returned '2': CMAKE_PREFIX_PATH=${CMAKE_PREFIX_PATH}:/opt/ros/foxy /usr/bin/cmake --build /home/huucuong/mypendulumn/build/inverted_pendulum -- -j12 -l12
