[35m[1mScanning dependencies of target control_pendulum[0m
[ 50%] [32mBuilding CXX object CMakeFiles/control_pendulum.dir/src/control.cpp.o[0m
[01m[K/home/huucuong/mypendulumn/src/inverted_pendulum/src/control.cpp:16:21:[m[K [01;31m[Kerror: [m[KISO C++ forbids declaration of ‘[01m[KWrenchSubcriber[m[K’ with no type [[01;31m[K-fpermissive[m[K]
   16 |     WrenchSubcriber([01;31m[K)[m[K
      |                     [01;31m[K^[m[K
[01m[K/home/huucuong/mypendulumn/src/inverted_pendulum/src/control.cpp:[m[K In member function ‘[01m[Kint WrenchPublisher::WrenchSubcriber()[m[K’:
[01m[K/home/huucuong/mypendulumn/src/inverted_pendulum/src/control.cpp:17:7:[m[K [01;31m[Kerror: [m[Konly constructors take member initializers
   17 |     : [01;31m[KNode[m[K("publishforce")
      |       [01;31m[K^~~~[m[K
[01m[K/home/huucuong/mypendulumn/src/inverted_pendulum/src/control.cpp:24:5:[m[K [01;35m[Kwarning: [m[Kno return statement in function returning non-void [[01;35m[K-Wreturn-type[m[K]
   24 |     [01;35m[K}[m[K
      |     [01;35m[K^[m[K
[01m[K/home/huucuong/mypendulumn/src/inverted_pendulum/src/control.cpp:[m[K In member function ‘[01m[Kvoid WrenchPublisher::publish_wrench()[m[K’:
[01m[K/home/huucuong/mypendulumn/src/inverted_pendulum/src/control.cpp:42:19:[m[K [01;31m[Kerror: [m[Kexpected ‘[01m[K;[m[K’ before ‘[01m[K}[m[K’ token
   42 |         push=-push
      |                   [01;31m[K^[m[K
      |                   [32m[K;[m[K
   43 |     [32m[K}[m[K
      |     [32m[K~[m[K              
make[2]: *** [CMakeFiles/control_pendulum.dir/build.make:63: CMakeFiles/control_pendulum.dir/src/control.cpp.o] Error 1
make[1]: *** [CMakeFiles/Makefile2:78: CMakeFiles/control_pendulum.dir/all] Error 2
make: *** [Makefile:141: all] Error 2
