[0.200s] Invoking command in '/home/huucuong/mypendulumn/build/inverted_pendulum': CMAKE_PREFIX_PATH=${CMAKE_PREFIX_PATH}:/opt/ros/foxy /usr/bin/cmake --build /home/huucuong/mypendulumn/build/inverted_pendulum -- -j12 -l12
[0.262s] [35m[1mScanning dependencies of target control_pendulum[0m
[0.294s] [ 50%] Built target joint_state_listener
[0.297s] [ 75%] [32mBuilding CXX object CMakeFiles/control_pendulum.dir/src/control.cpp.o[0m
[1.490s] [01m[K/home/huucuong/mypendulumn/src/inverted_pendulum/src/control.cpp:25:24:[m[K [01;31m[Kerror: [m[KISO C++ forbids declaration of ‘[01m[KJointStateListener[m[K’ with no type [[01;31m[K-fpermissive[m[K]
[1.490s]    25 |     JointStateListener([01;31m[K)[m[K
[1.490s]       |                        [01;31m[K^[m[K
[1.523s] [01m[K/home/huucuong/mypendulumn/src/inverted_pendulum/src/control.cpp:[m[K In member function ‘[01m[Kint WrenchPublisher::JointStateListener()[m[K’:
[1.523s] [01m[K/home/huucuong/mypendulumn/src/inverted_pendulum/src/control.cpp:26:7:[m[K [01;31m[Kerror: [m[Konly constructors take member initializers
[1.523s]    26 |     : [01;31m[KNode[m[K("joint_state_listener")
[1.523s]       |       [01;31m[K^~~~[m[K
[1.524s] [01m[K/home/huucuong/mypendulumn/src/inverted_pendulum/src/control.cpp:31:24:[m[K [01;31m[Kerror: [m[K‘[01m[KJointStateListener[m[K’ is not a class, namespace, or enumeration
[1.524s]    31 |             std::bind(&[01;31m[KJointStateListener[m[K::topic_callback, this, std::placeholders::_1)
[1.524s]       |                        [01;31m[K^~~~~~~~~~~~~~~~~~[m[K
[1.524s] [01m[K/home/huucuong/mypendulumn/src/inverted_pendulum/src/control.cpp:33:5:[m[K [01;35m[Kwarning: [m[Kno return statement in function returning non-void [[01;35m[K-Wreturn-type[m[K]
[1.524s]    33 |     [01;35m[K}[m[K
[1.524s]       |     [01;35m[K^[m[K
[3.039s] make[2]: *** [CMakeFiles/control_pendulum.dir/build.make:63: CMakeFiles/control_pendulum.dir/src/control.cpp.o] Error 1
[3.039s] make[1]: *** [CMakeFiles/Makefile2:107: CMakeFiles/control_pendulum.dir/all] Error 2
[3.040s] make: *** [Makefile:141: all] Error 2
[3.044s] Invoked command in '/home/huucuong/mypendulumn/build/inverted_pendulum' returned '2': CMAKE_PREFIX_PATH=${CMAKE_PREFIX_PATH}:/opt/ros/foxy /usr/bin/cmake --build /home/huucuong/mypendulumn/build/inverted_pendulum -- -j12 -l12
