[0.209s] Invoking command in '/home/huucuong/mypendulumn/build/inverted_pendulum': CMAKE_PREFIX_PATH=${CMAKE_PREFIX_PATH}:/opt/ros/foxy /usr/bin/cmake --build /home/huucuong/mypendulumn/build/inverted_pendulum -- -j12 -l12
[0.280s] [35m[1mScanning dependencies of target control_pendulum[0m
[0.311s] [ 50%] [32mBuilding CXX object CMakeFiles/control_pendulum.dir/src/control.cpp.o[0m
[6.341s] [100%] [32m[1mLinking CXX executable control_pendulum[0m
[6.846s] [100%] Built target control_pendulum
[6.863s] Invoked command in '/home/huucuong/mypendulumn/build/inverted_pendulum' returned '0': CMAKE_PREFIX_PATH=${CMAKE_PREFIX_PATH}:/opt/ros/foxy /usr/bin/cmake --build /home/huucuong/mypendulumn/build/inverted_pendulum -- -j12 -l12
[6.923s] Invoking command in '/home/huucuong/mypendulumn/build/inverted_pendulum': CMAKE_PREFIX_PATH=${CMAKE_PREFIX_PATH}:/opt/ros/foxy /usr/bin/cmake --install /home/huucuong/mypendulumn/build/inverted_pendulum
[6.937s] -- Install configuration: ""
[6.938s] -- Execute custom install script
[6.939s] -- Up-to-date symlink: /home/huucuong/mypendulumn/install/inverted_pendulum/lib/inverted_pendulum/control_pendulum
[6.939s] -- Up-to-date symlink: /home/huucuong/mypendulumn/install/inverted_pendulum/share/inverted_pendulum/description/example_gazebo.xacro
[6.939s] -- Up-to-date symlink: /home/huucuong/mypendulumn/install/inverted_pendulum/share/inverted_pendulum/description/example_gazebo_test.xacro
[6.940s] -- Up-to-date symlink: /home/huucuong/mypendulumn/install/inverted_pendulum/share/inverted_pendulum/description/example_include.xacro
[6.940s] -- Up-to-date symlink: /home/huucuong/mypendulumn/install/inverted_pendulum/share/inverted_pendulum/description/pendulum_frame.xacro
[6.940s] -- Up-to-date symlink: /home/huucuong/mypendulumn/install/inverted_pendulum/share/inverted_pendulum/description/pendulum_frame_test.xacro
[6.940s] -- Up-to-date symlink: /home/huucuong/mypendulumn/install/inverted_pendulum/share/inverted_pendulum/launch/launch_pendulum.launch.py
[6.941s] -- Up-to-date symlink: /home/huucuong/mypendulumn/install/inverted_pendulum/share/inverted_pendulum/meshes/DC-Motor-STEP.stl
[6.941s] -- Up-to-date symlink: /home/huucuong/mypendulumn/install/inverted_pendulum/share/inverted_pendulum/meshes/Encoder.stl
[6.941s] -- Up-to-date symlink: /home/huucuong/mypendulumn/install/inverted_pendulum/share/inverted_pendulum/meshes/dau_noi_ti.stl
[6.942s] -- Up-to-date symlink: /home/huucuong/mypendulumn/install/inverted_pendulum/share/inverted_pendulum/meshes/frame.stl
[6.942s] -- Up-to-date symlink: /home/huucuong/mypendulumn/install/inverted_pendulum/share/inverted_pendulum/meshes/rod.stl
[6.942s] -- Up-to-date symlink: /home/huucuong/mypendulumn/install/inverted_pendulum/share/inverted_pendulum/meshes/scaledDesk.stl
[6.942s] -- Up-to-date symlink: /home/huucuong/mypendulumn/install/inverted_pendulum/share/inverted_pendulum/meshes/slider.stl
[6.943s] -- Up-to-date symlink: /home/huucuong/mypendulumn/install/inverted_pendulum/share/inverted_pendulum/src/control.cpp
[6.944s] -- Up-to-date symlink: /home/huucuong/mypendulumn/install/inverted_pendulum/share/ament_index/resource_index/package_run_dependencies/inverted_pendulum
[6.944s] -- Up-to-date symlink: /home/huucuong/mypendulumn/install/inverted_pendulum/share/ament_index/resource_index/parent_prefix_path/inverted_pendulum
[6.944s] -- Up-to-date symlink: /home/huucuong/mypendulumn/install/inverted_pendulum/share/inverted_pendulum/environment/ament_prefix_path.sh
[6.947s] -- Up-to-date symlink: /home/huucuong/mypendulumn/install/inverted_pendulum/share/inverted_pendulum/environment/ament_prefix_path.dsv
[6.947s] -- Up-to-date symlink: /home/huucuong/mypendulumn/install/inverted_pendulum/share/inverted_pendulum/environment/path.sh
[6.947s] -- Up-to-date symlink: /home/huucuong/mypendulumn/install/inverted_pendulum/share/inverted_pendulum/environment/path.dsv
[6.948s] -- Up-to-date symlink: /home/huucuong/mypendulumn/install/inverted_pendulum/share/inverted_pendulum/local_setup.bash
[6.948s] -- Up-to-date symlink: /home/huucuong/mypendulumn/install/inverted_pendulum/share/inverted_pendulum/local_setup.sh
[6.948s] -- Up-to-date symlink: /home/huucuong/mypendulumn/install/inverted_pendulum/share/inverted_pendulum/local_setup.zsh
[6.948s] -- Up-to-date symlink: /home/huucuong/mypendulumn/install/inverted_pendulum/share/inverted_pendulum/local_setup.dsv
[6.948s] -- Symlinking: /home/huucuong/mypendulumn/install/inverted_pendulum/share/inverted_pendulum/package.dsv
[6.962s] -- Up-to-date symlink: /home/huucuong/mypendulumn/install/inverted_pendulum/share/ament_index/resource_index/packages/inverted_pendulum
[6.962s] -- Up-to-date symlink: /home/huucuong/mypendulumn/install/inverted_pendulum/share/inverted_pendulum/cmake/inverted_pendulumConfig.cmake
[6.962s] -- Up-to-date symlink: /home/huucuong/mypendulumn/install/inverted_pendulum/share/inverted_pendulum/cmake/inverted_pendulumConfig-version.cmake
[6.963s] -- Up-to-date symlink: /home/huucuong/mypendulumn/install/inverted_pendulum/share/inverted_pendulum/package.xml
[6.967s] Invoked command in '/home/huucuong/mypendulumn/build/inverted_pendulum' returned '0': CMAKE_PREFIX_PATH=${CMAKE_PREFIX_PATH}:/opt/ros/foxy /usr/bin/cmake --install /home/huucuong/mypendulumn/build/inverted_pendulum
