[0.197s] Invoking command in '/home/huucuong/mypendulumn/build/inverted_pendulum': CMAKE_PREFIX_PATH=${CMAKE_PREFIX_PATH}:/opt/ros/foxy /usr/bin/cmake --build /home/huucuong/mypendulumn/build/inverted_pendulum -- -j12 -l12
[0.229s] -- Found ament_cmake: 0.9.12 (/opt/ros/foxy/share/ament_cmake/cmake)
[0.260s] -- Using PYTHON_EXECUTABLE: /usr/bin/python3
[0.448s] -- Override CMake install command with custom implementation using symlinks instead of copying resources
[0.462s] -- Found rclcpp: 2.4.3 (/opt/ros/foxy/share/rclcpp/cmake)
[0.494s] -- Using all available rosidl_typesupport_c: rosidl_typesupport_fastrtps_c;rosidl_typesupport_introspection_c
[0.496s] -- Found rosidl_adapter: 1.3.1 (/opt/ros/foxy/share/rosidl_adapter/cmake)
[0.626s] -- Using all available rosidl_typesupport_cpp: rosidl_typesupport_fastrtps_cpp;rosidl_typesupport_introspection_cpp
[0.679s] -- Found rmw_implementation_cmake: 1.0.4 (/opt/ros/foxy/share/rmw_implementation_cmake/cmake)
[0.680s] -- Using RMW implementation 'rmw_fastrtps_cpp' as default
[0.809s] -- Found geometry_msgs: 2.0.5 (/opt/ros/foxy/share/geometry_msgs/cmake)
[0.838s] -- Found ament_lint_auto: 0.9.8 (/opt/ros/foxy/share/ament_lint_auto/cmake)
[0.908s] CMake Error at /opt/ros/foxy/share/ament_cmake_core/cmake/symlink_install/install.cmake:43 (_install):
[0.908s]   _install does not recognize sub-command CONTROLAL
[0.908s] Call Stack (most recent call first):
[0.908s]   CMakeLists.txt:41 (install)
[0.909s] 
[0.909s] 
[0.911s] -- Added test 'copyright' to check source files copyright and LICENSE
[0.914s] -- Added test 'cppcheck' to perform static code analysis on C / C++ code
[0.914s] -- Configured cppcheck include dirs: 
[0.914s] -- Configured cppcheck exclude dirs and/or files: 
[0.917s] -- Added test 'cpplint' to check C / C++ code against the Google style
[0.917s] -- Configured cpplint exclude dirs and/or files: 
[0.918s] -- Added test 'flake8' to check Python code syntax and style conventions
[0.919s] -- Added test 'lint_cmake' to check CMake code style
[0.919s] -- Added test 'pep257' to check Python code against some of the style conventions in PEP 257
[0.922s] -- Added test 'uncrustify' to check C / C++ code style
[0.922s] -- Configured uncrustify additional arguments: 
[0.923s] -- Added test 'xmllint' to check XML markup files
[0.925s] -- Configuring incomplete, errors occurred!
[0.925s] See also "/home/huucuong/mypendulumn/build/inverted_pendulum/CMakeFiles/CMakeOutput.log".
[0.926s] See also "/home/huucuong/mypendulumn/build/inverted_pendulum/CMakeFiles/CMakeError.log".
[0.930s] make: *** [Makefile:266: cmake_check_build_system] Error 1
[0.933s] Invoked command in '/home/huucuong/mypendulumn/build/inverted_pendulum' returned '2': CMAKE_PREFIX_PATH=${CMAKE_PREFIX_PATH}:/opt/ros/foxy /usr/bin/cmake --build /home/huucuong/mypendulumn/build/inverted_pendulum -- -j12 -l12
