[2.298s] DEBUG:colcon:Command line arguments: ['/usr/bin/colcon', 'build', '--symlink-install']
[2.298s] DEBUG:colcon:Parsed command line arguments: Namespace(allow_overriding=[], ament_cmake_args=None, base_paths=['.'], build_base='build', catkin_cmake_args=None, catkin_skip_building_tests=False, cmake_args=None, cmake_clean_cache=False, cmake_clean_first=False, cmake_force_configure=False, cmake_target=None, cmake_target_skip_unavailable=False, continue_on_error=False, event_handlers=None, executor='parallel', ignore_user_meta=False, install_base='install', log_base=None, log_level=None, main=<bound method BuildVerb.main of <colcon_core.verb.build.BuildVerb object at 0x7fa4ab173ca0>>, merge_install=False, metas=['./colcon.meta'], packages_above=None, packages_above_and_dependencies=None, packages_above_depth=None, packages_end=None, packages_ignore=None, packages_ignore_regex=None, packages_select=None, packages_select_build_failed=False, packages_select_by_dep=None, packages_select_regex=None, packages_select_test_failures=False, packages_skip=None, packages_skip_build_finished=False, packages_skip_by_dep=None, packages_skip_regex=None, packages_skip_test_passed=False, packages_skip_up_to=None, packages_start=None, packages_up_to=None, packages_up_to_regex=None, parallel_workers=12, paths=None, symlink_install=True, test_result_base=None, verb_extension=<colcon_core.verb.build.BuildVerb object at 0x7fa4ab173ca0>, verb_name='build', verb_parser=<colcon_defaults.argument_parser.defaults.DefaultArgumentsDecorator object at 0x7fa4ab173670>)
[2.396s] Level 1:colcon.colcon_core.package_discovery:discover_packages(colcon_meta) check parameters
[2.396s] Level 1:colcon.colcon_core.package_discovery:discover_packages(recursive) check parameters
[2.396s] Level 1:colcon.colcon_core.package_discovery:discover_packages(ignore) check parameters
[2.396s] Level 1:colcon.colcon_core.package_discovery:discover_packages(path) check parameters
[2.396s] Level 1:colcon.colcon_core.package_discovery:discover_packages(colcon_meta) discover
[2.396s] Level 1:colcon.colcon_core.package_discovery:discover_packages(recursive) discover
[2.396s] INFO:colcon.colcon_core.package_discovery:Crawling recursively for packages in '/home/huucuong/mypendulumn'
[2.396s] Level 1:colcon.colcon_core.package_identification:_identify(.) by extensions ['ignore', 'ignore_ament_install']
[2.396s] Level 1:colcon.colcon_core.package_identification:_identify(.) by extension 'ignore'
[2.396s] Level 1:colcon.colcon_core.package_identification:_identify(.) by extension 'ignore_ament_install'
[2.396s] Level 1:colcon.colcon_core.package_identification:_identify(.) by extensions ['colcon_pkg']
[2.396s] Level 1:colcon.colcon_core.package_identification:_identify(.) by extension 'colcon_pkg'
[2.396s] Level 1:colcon.colcon_core.package_identification:_identify(.) by extensions ['colcon_meta']
[2.396s] Level 1:colcon.colcon_core.package_identification:_identify(.) by extension 'colcon_meta'
[2.396s] Level 1:colcon.colcon_core.package_identification:_identify(.) by extensions ['ros']
[2.396s] Level 1:colcon.colcon_core.package_identification:_identify(.) by extension 'ros'
[2.405s] Level 1:colcon.colcon_core.package_identification:_identify(.) by extensions ['cmake', 'python']
[2.405s] Level 1:colcon.colcon_core.package_identification:_identify(.) by extension 'cmake'
[2.405s] Level 1:colcon.colcon_core.package_identification:_identify(.) by extension 'python'
[2.406s] Level 1:colcon.colcon_core.package_identification:_identify(.) by extensions ['python_setup_py']
[2.406s] Level 1:colcon.colcon_core.package_identification:_identify(.) by extension 'python_setup_py'
[2.406s] Level 1:colcon.colcon_core.package_identification:_identify(build) by extensions ['ignore', 'ignore_ament_install']
[2.406s] Level 1:colcon.colcon_core.package_identification:_identify(build) by extension 'ignore'
[2.406s] Level 1:colcon.colcon_core.package_identification:_identify(build) ignored
[2.406s] Level 1:colcon.colcon_core.package_identification:_identify(install) by extensions ['ignore', 'ignore_ament_install']
[2.406s] Level 1:colcon.colcon_core.package_identification:_identify(install) by extension 'ignore'
[2.406s] Level 1:colcon.colcon_core.package_identification:_identify(install) ignored
[2.406s] Level 1:colcon.colcon_core.package_identification:_identify(log) by extensions ['ignore', 'ignore_ament_install']
[2.406s] Level 1:colcon.colcon_core.package_identification:_identify(log) by extension 'ignore'
[2.406s] Level 1:colcon.colcon_core.package_identification:_identify(log) ignored
[2.406s] Level 1:colcon.colcon_core.package_identification:_identify(src) by extensions ['ignore', 'ignore_ament_install']
[2.406s] Level 1:colcon.colcon_core.package_identification:_identify(src) by extension 'ignore'
[2.406s] Level 1:colcon.colcon_core.package_identification:_identify(src) by extension 'ignore_ament_install'
[2.406s] Level 1:colcon.colcon_core.package_identification:_identify(src) by extensions ['colcon_pkg']
[2.406s] Level 1:colcon.colcon_core.package_identification:_identify(src) by extension 'colcon_pkg'
[2.406s] Level 1:colcon.colcon_core.package_identification:_identify(src) by extensions ['colcon_meta']
[2.406s] Level 1:colcon.colcon_core.package_identification:_identify(src) by extension 'colcon_meta'
[2.406s] Level 1:colcon.colcon_core.package_identification:_identify(src) by extensions ['ros']
[2.407s] Level 1:colcon.colcon_core.package_identification:_identify(src) by extension 'ros'
[2.407s] Level 1:colcon.colcon_core.package_identification:_identify(src) by extensions ['cmake', 'python']
[2.407s] Level 1:colcon.colcon_core.package_identification:_identify(src) by extension 'cmake'
[2.407s] Level 1:colcon.colcon_core.package_identification:_identify(src) by extension 'python'
[2.407s] Level 1:colcon.colcon_core.package_identification:_identify(src) by extensions ['python_setup_py']
[2.407s] Level 1:colcon.colcon_core.package_identification:_identify(src) by extension 'python_setup_py'
[2.407s] Level 1:colcon.colcon_core.package_identification:_identify(src/inverted_pendulum) by extensions ['ignore', 'ignore_ament_install']
[2.407s] Level 1:colcon.colcon_core.package_identification:_identify(src/inverted_pendulum) by extension 'ignore'
[2.407s] Level 1:colcon.colcon_core.package_identification:_identify(src/inverted_pendulum) by extension 'ignore_ament_install'
[2.407s] Level 1:colcon.colcon_core.package_identification:_identify(src/inverted_pendulum) by extensions ['colcon_pkg']
[2.407s] Level 1:colcon.colcon_core.package_identification:_identify(src/inverted_pendulum) by extension 'colcon_pkg'
[2.407s] Level 1:colcon.colcon_core.package_identification:_identify(src/inverted_pendulum) by extensions ['colcon_meta']
[2.407s] Level 1:colcon.colcon_core.package_identification:_identify(src/inverted_pendulum) by extension 'colcon_meta'
[2.407s] Level 1:colcon.colcon_core.package_identification:_identify(src/inverted_pendulum) by extensions ['ros']
[2.407s] Level 1:colcon.colcon_core.package_identification:_identify(src/inverted_pendulum) by extension 'ros'
[2.409s] DEBUG:colcon.colcon_core.package_identification:Package 'src/inverted_pendulum' with type 'ros.ament_cmake' and name 'inverted_pendulum'
[2.409s] Level 1:colcon.colcon_core.package_discovery:discover_packages(recursive) using defaults
[2.409s] Level 1:colcon.colcon_core.package_discovery:discover_packages(ignore) discover
[2.409s] Level 1:colcon.colcon_core.package_discovery:discover_packages(ignore) using defaults
[2.409s] Level 1:colcon.colcon_core.package_discovery:discover_packages(path) discover
[2.409s] Level 1:colcon.colcon_core.package_discovery:discover_packages(path) using defaults
[2.617s] Level 1:colcon.colcon_core.package_discovery:discover_packages(prefix_path) check parameters
[2.617s] Level 1:colcon.colcon_core.package_discovery:discover_packages(prefix_path) discover
[2.707s] DEBUG:colcon.colcon_installed_package_information.package_discovery:Found 1 installed packages in /home/huucuong/mypendulumn/install
[2.746s] DEBUG:colcon.colcon_installed_package_information.package_discovery:Found 324 installed packages in /opt/ros/foxy
[2.747s] Level 1:colcon.colcon_core.package_discovery:discover_packages(prefix_path) using defaults
[2.880s] Level 5:colcon.colcon_core.verb:set package 'inverted_pendulum' build argument 'cmake_args' from command line to 'None'
[2.880s] Level 5:colcon.colcon_core.verb:set package 'inverted_pendulum' build argument 'cmake_target' from command line to 'None'
[2.880s] Level 5:colcon.colcon_core.verb:set package 'inverted_pendulum' build argument 'cmake_target_skip_unavailable' from command line to 'False'
[2.880s] Level 5:colcon.colcon_core.verb:set package 'inverted_pendulum' build argument 'cmake_clean_cache' from command line to 'False'
[2.880s] Level 5:colcon.colcon_core.verb:set package 'inverted_pendulum' build argument 'cmake_clean_first' from command line to 'False'
[2.881s] Level 5:colcon.colcon_core.verb:set package 'inverted_pendulum' build argument 'cmake_force_configure' from command line to 'False'
[2.881s] Level 5:colcon.colcon_core.verb:set package 'inverted_pendulum' build argument 'ament_cmake_args' from command line to 'None'
[2.881s] Level 5:colcon.colcon_core.verb:set package 'inverted_pendulum' build argument 'catkin_cmake_args' from command line to 'None'
[2.881s] Level 5:colcon.colcon_core.verb:set package 'inverted_pendulum' build argument 'catkin_skip_building_tests' from command line to 'False'
[2.881s] DEBUG:colcon.colcon_core.verb:Building package 'inverted_pendulum' with the following arguments: {'ament_cmake_args': None, 'build_base': '/home/huucuong/mypendulumn/build/inverted_pendulum', 'catkin_cmake_args': None, 'catkin_skip_building_tests': False, 'cmake_args': None, 'cmake_clean_cache': False, 'cmake_clean_first': False, 'cmake_force_configure': False, 'cmake_target': None, 'cmake_target_skip_unavailable': False, 'install_base': '/home/huucuong/mypendulumn/install/inverted_pendulum', 'merge_install': False, 'path': '/home/huucuong/mypendulumn/src/inverted_pendulum', 'symlink_install': True, 'test_result_base': None}
[2.918s] INFO:colcon.colcon_core.executor:Executing jobs using 'parallel' executor
[2.960s] DEBUG:colcon.colcon_parallel_executor.executor.parallel:run_until_complete
[2.960s] INFO:colcon.colcon_ros.task.ament_cmake.build:Building ROS package in '/home/huucuong/mypendulumn/src/inverted_pendulum' with build type 'ament_cmake'
[2.960s] INFO:colcon.colcon_cmake.task.cmake.build:Building CMake package in '/home/huucuong/mypendulumn/src/inverted_pendulum'
[3.001s] INFO:colcon.colcon_core.plugin_system:Skipping extension 'colcon_core.shell.bat': Not used on non-Windows systems
[3.001s] INFO:colcon.colcon_core.shell:Skip shell extension 'powershell' for command environment: Not usable outside of PowerShell
[3.001s] DEBUG:colcon.colcon_core.shell:Skip shell extension 'dsv' for command environment
[3.150s] DEBUG:colcon.colcon_core.event_handler.log_command:Invoking command in '/home/huucuong/mypendulumn/build/inverted_pendulum': CMAKE_PREFIX_PATH=${CMAKE_PREFIX_PATH}:/opt/ros/foxy /usr/bin/cmake --build /home/huucuong/mypendulumn/build/inverted_pendulum -- -j12 -l12
[6.662s] DEBUG:colcon.colcon_core.event_handler.log_command:Invoked command in '/home/huucuong/mypendulumn/build/inverted_pendulum' returned '0': CMAKE_PREFIX_PATH=${CMAKE_PREFIX_PATH}:/opt/ros/foxy /usr/bin/cmake --build /home/huucuong/mypendulumn/build/inverted_pendulum -- -j12 -l12
[6.708s] DEBUG:colcon.colcon_core.event_handler.log_command:Invoking command in '/home/huucuong/mypendulumn/build/inverted_pendulum': CMAKE_PREFIX_PATH=${CMAKE_PREFIX_PATH}:/opt/ros/foxy /usr/bin/cmake --install /home/huucuong/mypendulumn/build/inverted_pendulum
[6.740s] Level 1:colcon.colcon_core.environment:create_environment_scripts_only(inverted_pendulum)
[6.741s] DEBUG:colcon.colcon_core.event_handler.log_command:Invoked command in '/home/huucuong/mypendulumn/build/inverted_pendulum' returned '0': CMAKE_PREFIX_PATH=${CMAKE_PREFIX_PATH}:/opt/ros/foxy /usr/bin/cmake --install /home/huucuong/mypendulumn/build/inverted_pendulum
[6.788s] Level 1:colcon.colcon_core.environment:checking '/home/huucuong/mypendulumn/install/inverted_pendulum' for CMake module files
[6.788s] Level 1:colcon.colcon_core.environment:checking '/home/huucuong/mypendulumn/install/inverted_pendulum' for CMake config files
[6.789s] Level 1:colcon.colcon_core.shell:create_environment_hook('inverted_pendulum', 'cmake_prefix_path')
[6.828s] INFO:colcon.colcon_core.shell:Creating environment hook '/home/huucuong/mypendulumn/install/inverted_pendulum/share/inverted_pendulum/hook/cmake_prefix_path.ps1'
[6.829s] INFO:colcon.colcon_core.shell:Creating environment descriptor '/home/huucuong/mypendulumn/install/inverted_pendulum/share/inverted_pendulum/hook/cmake_prefix_path.dsv'
[6.829s] INFO:colcon.colcon_core.shell:Creating environment hook '/home/huucuong/mypendulumn/install/inverted_pendulum/share/inverted_pendulum/hook/cmake_prefix_path.sh'
[6.830s] Level 1:colcon.colcon_core.environment:checking '/home/huucuong/mypendulumn/install/inverted_pendulum/bin'
[6.830s] Level 1:colcon.colcon_core.environment:checking '/home/huucuong/mypendulumn/install/inverted_pendulum/lib/pkgconfig/inverted_pendulum.pc'
[6.830s] Level 1:colcon.colcon_core.environment:checking '/home/huucuong/mypendulumn/install/inverted_pendulum/lib/python3.8/site-packages'
[6.830s] Level 1:colcon.colcon_core.environment:checking '/home/huucuong/mypendulumn/install/inverted_pendulum/bin'
[6.868s] INFO:colcon.colcon_core.shell:Creating package script '/home/huucuong/mypendulumn/install/inverted_pendulum/share/inverted_pendulum/package.ps1'
[6.869s] INFO:colcon.colcon_core.shell:Creating package descriptor '/home/huucuong/mypendulumn/install/inverted_pendulum/share/inverted_pendulum/package.dsv'
[6.870s] INFO:colcon.colcon_core.shell:Creating package script '/home/huucuong/mypendulumn/install/inverted_pendulum/share/inverted_pendulum/package.sh'
[6.870s] INFO:colcon.colcon_core.shell:Creating package script '/home/huucuong/mypendulumn/install/inverted_pendulum/share/inverted_pendulum/package.bash'
[6.871s] INFO:colcon.colcon_core.shell:Creating package script '/home/huucuong/mypendulumn/install/inverted_pendulum/share/inverted_pendulum/package.zsh'
[6.871s] Level 1:colcon.colcon_core.environment:create_file_with_runtime_dependencies(/home/huucuong/mypendulumn/install/inverted_pendulum/share/colcon-core/packages/inverted_pendulum)
[6.956s] Level 1:colcon.colcon_core.environment:create_environment_scripts_only(inverted_pendulum)
[6.998s] Level 1:colcon.colcon_core.environment:checking '/home/huucuong/mypendulumn/install/inverted_pendulum' for CMake module files
[6.999s] Level 1:colcon.colcon_core.environment:checking '/home/huucuong/mypendulumn/install/inverted_pendulum' for CMake config files
[6.999s] Level 1:colcon.colcon_core.shell:create_environment_hook('inverted_pendulum', 'cmake_prefix_path')
[7.045s] INFO:colcon.colcon_core.shell:Creating environment hook '/home/huucuong/mypendulumn/install/inverted_pendulum/share/inverted_pendulum/hook/cmake_prefix_path.ps1'
[7.046s] INFO:colcon.colcon_core.shell:Creating environment descriptor '/home/huucuong/mypendulumn/install/inverted_pendulum/share/inverted_pendulum/hook/cmake_prefix_path.dsv'
[7.046s] INFO:colcon.colcon_core.shell:Creating environment hook '/home/huucuong/mypendulumn/install/inverted_pendulum/share/inverted_pendulum/hook/cmake_prefix_path.sh'
[7.047s] Level 1:colcon.colcon_core.environment:checking '/home/huucuong/mypendulumn/install/inverted_pendulum/bin'
[7.047s] Level 1:colcon.colcon_core.environment:checking '/home/huucuong/mypendulumn/install/inverted_pendulum/lib/pkgconfig/inverted_pendulum.pc'
[7.047s] Level 1:colcon.colcon_core.environment:checking '/home/huucuong/mypendulumn/install/inverted_pendulum/lib/python3.8/site-packages'
[7.047s] Level 1:colcon.colcon_core.environment:checking '/home/huucuong/mypendulumn/install/inverted_pendulum/bin'
[7.086s] INFO:colcon.colcon_core.shell:Creating package script '/home/huucuong/mypendulumn/install/inverted_pendulum/share/inverted_pendulum/package.ps1'
[7.087s] INFO:colcon.colcon_core.shell:Creating package descriptor '/home/huucuong/mypendulumn/install/inverted_pendulum/share/inverted_pendulum/package.dsv'
[7.087s] INFO:colcon.colcon_core.shell:Creating package script '/home/huucuong/mypendulumn/install/inverted_pendulum/share/inverted_pendulum/package.sh'
[7.087s] INFO:colcon.colcon_core.shell:Creating package script '/home/huucuong/mypendulumn/install/inverted_pendulum/share/inverted_pendulum/package.bash'
[7.087s] INFO:colcon.colcon_core.shell:Creating package script '/home/huucuong/mypendulumn/install/inverted_pendulum/share/inverted_pendulum/package.zsh'
[7.088s] Level 1:colcon.colcon_core.environment:create_file_with_runtime_dependencies(/home/huucuong/mypendulumn/install/inverted_pendulum/share/colcon-core/packages/inverted_pendulum)
[7.088s] DEBUG:colcon.colcon_parallel_executor.executor.parallel:closing loop
[7.088s] DEBUG:colcon.colcon_parallel_executor.executor.parallel:loop closed
[7.088s] DEBUG:colcon.colcon_parallel_executor.executor.parallel:run_until_complete finished with '0'
[7.088s] DEBUG:colcon.colcon_core.event_reactor:joining thread
[7.140s] INFO:colcon.colcon_core.plugin_system:Skipping extension 'colcon_notification.desktop_notification.terminal_notifier': Not used on non-Darwin systems
[7.140s] INFO:colcon.colcon_core.plugin_system:Skipping extension 'colcon_notification.desktop_notification.win32': Not used on non-Windows systems
[7.140s] INFO:colcon.colcon_notification.desktop_notification:Sending desktop notification using 'notify2'
[7.162s] DEBUG:colcon.colcon_core.event_reactor:joined thread
[7.209s] INFO:colcon.colcon_core.shell:Creating prefix script '/home/huucuong/mypendulumn/install/local_setup.ps1'
[7.210s] INFO:colcon.colcon_core.shell:Creating prefix util module '/home/huucuong/mypendulumn/install/_local_setup_util_ps1.py'
[7.211s] INFO:colcon.colcon_core.shell:Creating prefix chain script '/home/huucuong/mypendulumn/install/setup.ps1'
[7.256s] INFO:colcon.colcon_core.shell:Creating prefix script '/home/huucuong/mypendulumn/install/local_setup.sh'
[7.257s] INFO:colcon.colcon_core.shell:Creating prefix util module '/home/huucuong/mypendulumn/install/_local_setup_util_sh.py'
[7.257s] INFO:colcon.colcon_core.shell:Creating prefix chain script '/home/huucuong/mypendulumn/install/setup.sh'
[7.296s] INFO:colcon.colcon_core.shell:Creating prefix script '/home/huucuong/mypendulumn/install/local_setup.bash'
[7.297s] INFO:colcon.colcon_core.shell:Creating prefix chain script '/home/huucuong/mypendulumn/install/setup.bash'
[7.338s] INFO:colcon.colcon_core.shell:Creating prefix script '/home/huucuong/mypendulumn/install/local_setup.zsh'
[7.339s] INFO:colcon.colcon_core.shell:Creating prefix chain script '/home/huucuong/mypendulumn/install/setup.zsh'
